{"/Users/e/dev/github.com/cloudbring/v1-convex/packages/ui/src/components/avatar.tsx":{"path":"/Users/e/dev/github.com/cloudbring/v1-convex/packages/ui/src/components/avatar.tsx","all":false,"statementMap":{"0":{"start":{"line":1,"column":0},"end":{"line":1,"column":58}},"1":{"start":{"line":2,"column":0},"end":{"line":2,"column":31}},"2":{"start":{"line":4,"column":0},"end":{"line":4,"column":30}},"3":{"start":{"line":6,"column":0},"end":{"line":6,"column":32}},"4":{"start":{"line":9,"column":0},"end":{"line":9,"column":37}},"5":{"start":{"line":10,"column":0},"end":{"line":10,"column":23}},"6":{"start":{"line":11,"column":0},"end":{"line":11,"column":13}},"7":{"start":{"line":12,"column":0},"end":{"line":12,"column":18}},"8":{"start":{"line":13,"column":0},"end":{"line":13,"column":70}},"9":{"start":{"line":14,"column":0},"end":{"line":14,"column":16}},"10":{"start":{"line":15,"column":0},"end":{"line":15,"column":6}},"11":{"start":{"line":16,"column":0},"end":{"line":16,"column":14}},"12":{"start":{"line":17,"column":0},"end":{"line":17,"column":4}},"13":{"start":{"line":18,"column":0},"end":{"line":18,"column":3}},"14":{"start":{"line":19,"column":0},"end":{"line":19,"column":54}},"15":{"start":{"line":21,"column":0},"end":{"line":21,"column":37}},"16":{"start":{"line":24,"column":0},"end":{"line":24,"column":37}},"17":{"start":{"line":25,"column":0},"end":{"line":25,"column":24}},"18":{"start":{"line":26,"column":0},"end":{"line":26,"column":13}},"19":{"start":{"line":27,"column":0},"end":{"line":27,"column":60}},"20":{"start":{"line":28,"column":0},"end":{"line":28,"column":14}},"21":{"start":{"line":29,"column":0},"end":{"line":29,"column":4}},"22":{"start":{"line":30,"column":0},"end":{"line":30,"column":3}},"23":{"start":{"line":31,"column":0},"end":{"line":31,"column":60}},"24":{"start":{"line":33,"column":0},"end":{"line":33,"column":40}},"25":{"start":{"line":36,"column":0},"end":{"line":36,"column":37}},"26":{"start":{"line":37,"column":0},"end":{"line":37,"column":27}},"27":{"start":{"line":38,"column":0},"end":{"line":38,"column":13}},"28":{"start":{"line":39,"column":0},"end":{"line":39,"column":18}},"29":{"start":{"line":40,"column":0},"end":{"line":40,"column":77}},"30":{"start":{"line":41,"column":0},"end":{"line":41,"column":16}},"31":{"start":{"line":42,"column":0},"end":{"line":42,"column":6}},"32":{"start":{"line":43,"column":0},"end":{"line":43,"column":14}},"33":{"start":{"line":44,"column":0},"end":{"line":44,"column":4}},"34":{"start":{"line":45,"column":0},"end":{"line":45,"column":3}},"35":{"start":{"line":46,"column":0},"end":{"line":46,"column":66}},"36":{"start":{"line":48,"column":0},"end":{"line":48,"column":47}}},"s":{"0":2,"1":1,"2":1,"3":2,"4":2,"5":21,"6":21,"7":21,"8":21,"9":21,"10":21,"11":21,"12":21,"13":21,"14":2,"15":2,"16":2,"17":11,"18":11,"19":11,"20":11,"21":11,"22":11,"23":2,"24":2,"25":2,"26":17,"27":17,"28":17,"29":17,"30":17,"31":17,"32":17,"33":17,"34":17,"35":2,"36":1},"branchMap":{"0":{"type":"branch","line":2,"loc":{"start":{"line":2,"column":23},"end":{"line":2,"column":31}},"locations":[{"start":{"line":2,"column":23},"end":{"line":2,"column":31}}]},"1":{"type":"branch","line":9,"loc":{"start":{"line":9,"column":2},"end":{"line":18,"column":3}},"locations":[{"start":{"line":9,"column":2},"end":{"line":18,"column":3}}]},"2":{"type":"branch","line":24,"loc":{"start":{"line":24,"column":2},"end":{"line":30,"column":3}},"locations":[{"start":{"line":24,"column":2},"end":{"line":30,"column":3}}]},"3":{"type":"branch","line":36,"loc":{"start":{"line":36,"column":2},"end":{"line":45,"column":3}},"locations":[{"start":{"line":36,"column":2},"end":{"line":45,"column":3}}]}},"b":{"0":[0],"1":[21],"2":[11],"3":[17]},"fnMap":{},"f":{}},"/Users/e/dev/github.com/cloudbring/v1-convex/packages/ui/src/components/button.tsx":{"path":"/Users/e/dev/github.com/cloudbring/v1-convex/packages/ui/src/components/button.tsx","all":false,"statementMap":{"0":{"start":{"line":1,"column":0},"end":{"line":1,"column":44}},"1":{"start":{"line":2,"column":0},"end":{"line":2,"column":66}},"2":{"start":{"line":3,"column":0},"end":{"line":3,"column":31}},"3":{"start":{"line":5,"column":0},"end":{"line":5,"column":30}},"4":{"start":{"line":7,"column":0},"end":{"line":7,"column":27}},"5":{"start":{"line":8,"column":0},"end":{"line":8,"column":283}},"6":{"start":{"line":9,"column":0},"end":{"line":9,"column":3}},"7":{"start":{"line":10,"column":0},"end":{"line":10,"column":15}},"8":{"start":{"line":11,"column":0},"end":{"line":11,"column":16}},"9":{"start":{"line":12,"column":0},"end":{"line":12,"column":74}},"10":{"start":{"line":13,"column":0},"end":{"line":13,"column":20}},"11":{"start":{"line":14,"column":0},"end":{"line":14,"column":79}},"12":{"start":{"line":15,"column":0},"end":{"line":15,"column":16}},"13":{"start":{"line":16,"column":0},"end":{"line":16,"column":91}},"14":{"start":{"line":17,"column":0},"end":{"line":17,"column":18}},"15":{"start":{"line":18,"column":0},"end":{"line":18,"column":73}},"16":{"start":{"line":19,"column":0},"end":{"line":19,"column":62}},"17":{"start":{"line":20,"column":0},"end":{"line":20,"column":64}},"18":{"start":{"line":21,"column":0},"end":{"line":21,"column":8}},"19":{"start":{"line":22,"column":0},"end":{"line":22,"column":13}},"20":{"start":{"line":23,"column":0},"end":{"line":23,"column":34}},"21":{"start":{"line":24,"column":0},"end":{"line":24,"column":34}},"22":{"start":{"line":25,"column":0},"end":{"line":25,"column":35}},"23":{"start":{"line":26,"column":0},"end":{"line":26,"column":26}},"24":{"start":{"line":27,"column":0},"end":{"line":27,"column":8}},"25":{"start":{"line":28,"column":0},"end":{"line":28,"column":6}},"26":{"start":{"line":29,"column":0},"end":{"line":29,"column":22}},"27":{"start":{"line":30,"column":0},"end":{"line":30,"column":25}},"28":{"start":{"line":31,"column":0},"end":{"line":31,"column":22}},"29":{"start":{"line":32,"column":0},"end":{"line":32,"column":6}},"30":{"start":{"line":33,"column":0},"end":{"line":33,"column":4}},"31":{"start":{"line":34,"column":0},"end":{"line":34,"column":2}},"32":{"start":{"line":42,"column":0},"end":{"line":42,"column":64}},"33":{"start":{"line":43,"column":0},"end":{"line":43,"column":69}},"34":{"start":{"line":44,"column":0},"end":{"line":44,"column":43}},"35":{"start":{"line":45,"column":0},"end":{"line":45,"column":12}},"36":{"start":{"line":46,"column":0},"end":{"line":46,"column":11}},"37":{"start":{"line":47,"column":0},"end":{"line":47,"column":68}},"38":{"start":{"line":48,"column":0},"end":{"line":48,"column":17}},"39":{"start":{"line":49,"column":0},"end":{"line":49,"column":18}},"40":{"start":{"line":50,"column":0},"end":{"line":50,"column":8}},"41":{"start":{"line":52,"column":0},"end":{"line":52,"column":4}},"42":{"start":{"line":53,"column":0},"end":{"line":53,"column":2}},"43":{"start":{"line":54,"column":0},"end":{"line":54,"column":30}},"44":{"start":{"line":56,"column":0},"end":{"line":56,"column":34}}},"s":{"0":2,"1":1,"2":1,"3":1,"4":2,"5":2,"6":2,"7":2,"8":2,"9":2,"10":2,"11":2,"12":2,"13":2,"14":2,"15":2,"16":2,"17":2,"18":2,"19":2,"20":2,"21":2,"22":2,"23":2,"24":2,"25":2,"26":2,"27":2,"28":2,"29":2,"30":2,"31":2,"32":2,"33":2,"34":133,"35":133,"36":133,"37":133,"38":133,"39":133,"40":133,"41":133,"42":2,"43":2,"44":1},"branchMap":{"0":{"type":"branch","line":3,"loc":{"start":{"line":3,"column":23},"end":{"line":3,"column":31}},"locations":[{"start":{"line":3,"column":23},"end":{"line":3,"column":31}}]},"1":{"type":"branch","line":43,"loc":{"start":{"line":43,"column":2},"end":{"line":52,"column":4}},"locations":[{"start":{"line":43,"column":2},"end":{"line":52,"column":4}}]},"2":{"type":"branch","line":44,"loc":{"start":{"line":44,"column":17},"end":{"line":44,"column":34}},"locations":[{"start":{"line":44,"column":17},"end":{"line":44,"column":34}}]},"3":{"type":"branch","line":44,"loc":{"start":{"line":44,"column":27},"end":{"line":44,"column":43}},"locations":[{"start":{"line":44,"column":27},"end":{"line":44,"column":43}}]}},"b":{"0":[0],"1":[133],"2":[1],"3":[132]},"fnMap":{},"f":{}},"/Users/e/dev/github.com/cloudbring/v1-convex/packages/ui/src/components/dialog.tsx":{"path":"/Users/e/dev/github.com/cloudbring/v1-convex/packages/ui/src/components/dialog.tsx","all":false,"statementMap":{"0":{"start":{"line":3,"column":0},"end":{"line":3,"column":58}},"1":{"start":{"line":4,"column":0},"end":{"line":4,"column":33}},"2":{"start":{"line":5,"column":0},"end":{"line":5,"column":31}},"3":{"start":{"line":6,"column":0},"end":{"line":6,"column":30}},"4":{"start":{"line":8,"column":0},"end":{"line":8,"column":36}},"5":{"start":{"line":10,"column":0},"end":{"line":10,"column":46}},"6":{"start":{"line":12,"column":0},"end":{"line":12,"column":44}},"7":{"start":{"line":14,"column":0},"end":{"line":14,"column":42}},"8":{"start":{"line":16,"column":0},"end":{"line":16,"column":39}},"9":{"start":{"line":19,"column":0},"end":{"line":19,"column":37}},"10":{"start":{"line":20,"column":0},"end":{"line":20,"column":26}},"11":{"start":{"line":21,"column":0},"end":{"line":21,"column":13}},"12":{"start":{"line":22,"column":0},"end":{"line":22,"column":18}},"13":{"start":{"line":23,"column":0},"end":{"line":23,"column":160}},"14":{"start":{"line":24,"column":0},"end":{"line":24,"column":16}},"15":{"start":{"line":25,"column":0},"end":{"line":25,"column":6}},"16":{"start":{"line":26,"column":0},"end":{"line":26,"column":14}},"17":{"start":{"line":27,"column":0},"end":{"line":27,"column":4}},"18":{"start":{"line":28,"column":0},"end":{"line":28,"column":3}},"19":{"start":{"line":29,"column":0},"end":{"line":29,"column":64}},"20":{"start":{"line":31,"column":0},"end":{"line":31,"column":39}},"21":{"start":{"line":34,"column":0},"end":{"line":34,"column":47}},"22":{"start":{"line":35,"column":0},"end":{"line":35,"column":16}},"23":{"start":{"line":36,"column":0},"end":{"line":36,"column":21}},"24":{"start":{"line":37,"column":0},"end":{"line":37,"column":28}},"25":{"start":{"line":38,"column":0},"end":{"line":38,"column":15}},"26":{"start":{"line":39,"column":0},"end":{"line":39,"column":20}},"27":{"start":{"line":40,"column":0},"end":{"line":40,"column":504}},"28":{"start":{"line":41,"column":0},"end":{"line":41,"column":18}},"29":{"start":{"line":42,"column":0},"end":{"line":42,"column":8}},"30":{"start":{"line":43,"column":0},"end":{"line":43,"column":16}},"31":{"start":{"line":45,"column":0},"end":{"line":45,"column":16}},"32":{"start":{"line":46,"column":0},"end":{"line":46,"column":251}},"33":{"start":{"line":47,"column":0},"end":{"line":47,"column":33}},"34":{"start":{"line":48,"column":0},"end":{"line":48,"column":46}},"35":{"start":{"line":49,"column":0},"end":{"line":49,"column":30}},"36":{"start":{"line":50,"column":0},"end":{"line":50,"column":30}},"37":{"start":{"line":51,"column":0},"end":{"line":51,"column":17}},"38":{"start":{"line":52,"column":0},"end":{"line":52,"column":3}},"39":{"start":{"line":53,"column":0},"end":{"line":53,"column":64}},"40":{"start":{"line":55,"column":0},"end":{"line":55,"column":23}},"41":{"start":{"line":56,"column":0},"end":{"line":56,"column":12}},"42":{"start":{"line":57,"column":0},"end":{"line":57,"column":10}},"43":{"start":{"line":58,"column":0},"end":{"line":58,"column":45}},"44":{"start":{"line":59,"column":0},"end":{"line":59,"column":6}},"45":{"start":{"line":60,"column":0},"end":{"line":60,"column":18}},"46":{"start":{"line":61,"column":0},"end":{"line":61,"column":59}},"47":{"start":{"line":62,"column":0},"end":{"line":62,"column":16}},"48":{"start":{"line":63,"column":0},"end":{"line":63,"column":6}},"49":{"start":{"line":64,"column":0},"end":{"line":64,"column":14}},"50":{"start":{"line":65,"column":0},"end":{"line":65,"column":4}},"51":{"start":{"line":67,"column":0},"end":{"line":67,"column":42}},"52":{"start":{"line":69,"column":0},"end":{"line":69,"column":23}},"53":{"start":{"line":70,"column":0},"end":{"line":70,"column":12}},"54":{"start":{"line":71,"column":0},"end":{"line":71,"column":10}},"55":{"start":{"line":72,"column":0},"end":{"line":72,"column":45}},"56":{"start":{"line":73,"column":0},"end":{"line":73,"column":6}},"57":{"start":{"line":74,"column":0},"end":{"line":74,"column":18}},"58":{"start":{"line":75,"column":0},"end":{"line":75,"column":70}},"59":{"start":{"line":76,"column":0},"end":{"line":76,"column":16}},"60":{"start":{"line":77,"column":0},"end":{"line":77,"column":6}},"61":{"start":{"line":78,"column":0},"end":{"line":78,"column":14}},"62":{"start":{"line":79,"column":0},"end":{"line":79,"column":4}},"63":{"start":{"line":81,"column":0},"end":{"line":81,"column":42}},"64":{"start":{"line":83,"column":0},"end":{"line":83,"column":37}},"65":{"start":{"line":86,"column":0},"end":{"line":86,"column":37}},"66":{"start":{"line":87,"column":0},"end":{"line":87,"column":24}},"67":{"start":{"line":88,"column":0},"end":{"line":88,"column":13}},"68":{"start":{"line":89,"column":0},"end":{"line":89,"column":18}},"69":{"start":{"line":90,"column":0},"end":{"line":90,"column":58}},"70":{"start":{"line":91,"column":0},"end":{"line":91,"column":16}},"71":{"start":{"line":92,"column":0},"end":{"line":92,"column":6}},"72":{"start":{"line":93,"column":0},"end":{"line":93,"column":14}},"73":{"start":{"line":94,"column":0},"end":{"line":94,"column":4}},"74":{"start":{"line":95,"column":0},"end":{"line":95,"column":3}},"75":{"start":{"line":96,"column":0},"end":{"line":96,"column":60}},"76":{"start":{"line":98,"column":0},"end":{"line":98,"column":43}},"77":{"start":{"line":101,"column":0},"end":{"line":101,"column":37}},"78":{"start":{"line":102,"column":0},"end":{"line":102,"column":30}},"79":{"start":{"line":103,"column":0},"end":{"line":103,"column":13}},"80":{"start":{"line":104,"column":0},"end":{"line":104,"column":62}},"81":{"start":{"line":105,"column":0},"end":{"line":105,"column":14}},"82":{"start":{"line":106,"column":0},"end":{"line":106,"column":4}},"83":{"start":{"line":107,"column":0},"end":{"line":107,"column":3}},"84":{"start":{"line":108,"column":0},"end":{"line":108,"column":72}},"85":{"start":{"line":110,"column":0},"end":{"line":110,"column":8}},"86":{"start":{"line":111,"column":0},"end":{"line":111,"column":9}},"87":{"start":{"line":112,"column":0},"end":{"line":112,"column":15}},"88":{"start":{"line":113,"column":0},"end":{"line":113,"column":16}},"89":{"start":{"line":114,"column":0},"end":{"line":114,"column":14}},"90":{"start":{"line":115,"column":0},"end":{"line":115,"column":16}},"91":{"start":{"line":116,"column":0},"end":{"line":116,"column":16}},"92":{"start":{"line":117,"column":0},"end":{"line":117,"column":15}},"93":{"start":{"line":118,"column":0},"end":{"line":118,"column":15}},"94":{"start":{"line":119,"column":0},"end":{"line":119,"column":14}},"95":{"start":{"line":120,"column":0},"end":{"line":120,"column":20}},"96":{"start":{"line":1,"column":0},"end":{"line":1,"column":13}}},"s":{"0":1,"1":1,"2":1,"3":1,"4":2,"5":2,"6":2,"7":2,"8":2,"9":2,"10":16,"11":16,"12":16,"13":16,"14":16,"15":16,"16":16,"17":16,"18":16,"19":2,"20":2,"21":2,"22":8,"23":8,"24":8,"25":8,"26":8,"27":8,"28":8,"29":8,"30":8,"31":8,"32":8,"33":8,"34":8,"35":8,"36":8,"37":8,"38":2,"39":2,"40":2,"41":6,"42":6,"43":6,"44":6,"45":6,"46":6,"47":6,"48":6,"49":6,"50":6,"51":2,"52":2,"53":6,"54":6,"55":6,"56":6,"57":6,"58":6,"59":6,"60":6,"61":6,"62":6,"63":2,"64":2,"65":2,"66":7,"67":7,"68":7,"69":7,"70":7,"71":7,"72":7,"73":7,"74":7,"75":2,"76":2,"77":2,"78":6,"79":6,"80":6,"81":6,"82":6,"83":6,"84":2,"85":1,"86":1,"87":1,"88":1,"89":1,"90":1,"91":1,"92":1,"93":1,"94":1,"95":1,"96":1},"branchMap":{"0":{"type":"branch","line":5,"loc":{"start":{"line":5,"column":23},"end":{"line":5,"column":31}},"locations":[{"start":{"line":5,"column":23},"end":{"line":5,"column":31}}]},"1":{"type":"branch","line":19,"loc":{"start":{"line":19,"column":2},"end":{"line":28,"column":3}},"locations":[{"start":{"line":19,"column":2},"end":{"line":28,"column":3}}]},"2":{"type":"branch","line":34,"loc":{"start":{"line":34,"column":2},"end":{"line":51,"column":17}},"locations":[{"start":{"line":34,"column":2},"end":{"line":51,"column":17}}]},"3":{"type":"branch","line":55,"loc":{"start":{"line":55,"column":21},"end":{"line":65,"column":4}},"locations":[{"start":{"line":55,"column":21},"end":{"line":65,"column":4}}]},"4":{"type":"branch","line":69,"loc":{"start":{"line":69,"column":21},"end":{"line":79,"column":4}},"locations":[{"start":{"line":69,"column":21},"end":{"line":79,"column":4}}]},"5":{"type":"branch","line":86,"loc":{"start":{"line":86,"column":2},"end":{"line":95,"column":3}},"locations":[{"start":{"line":86,"column":2},"end":{"line":95,"column":3}}]},"6":{"type":"branch","line":101,"loc":{"start":{"line":101,"column":2},"end":{"line":107,"column":3}},"locations":[{"start":{"line":101,"column":2},"end":{"line":107,"column":3}}]}},"b":{"0":[0],"1":[16],"2":[8],"3":[6],"4":[6],"5":[7],"6":[6]},"fnMap":{"0":{"name":"DialogHeader","decl":{"start":{"line":55,"column":21},"end":{"line":65,"column":4}},"loc":{"start":{"line":55,"column":21},"end":{"line":65,"column":4}},"line":55},"1":{"name":"DialogFooter","decl":{"start":{"line":69,"column":21},"end":{"line":79,"column":4}},"loc":{"start":{"line":69,"column":21},"end":{"line":79,"column":4}},"line":69}},"f":{"0":6,"1":6}},"/Users/e/dev/github.com/cloudbring/v1-convex/packages/ui/src/components/dropdown-menu.tsx":{"path":"/Users/e/dev/github.com/cloudbring/v1-convex/packages/ui/src/components/dropdown-menu.tsx","all":false,"statementMap":{"0":{"start":{"line":3,"column":0},"end":{"line":3,"column":71}},"1":{"start":{"line":4,"column":0},"end":{"line":4,"column":8}},"2":{"start":{"line":5,"column":0},"end":{"line":5,"column":12}},"3":{"start":{"line":6,"column":0},"end":{"line":6,"column":19}},"4":{"start":{"line":7,"column":0},"end":{"line":7,"column":16}},"5":{"start":{"line":8,"column":0},"end":{"line":8,"column":31}},"6":{"start":{"line":9,"column":0},"end":{"line":9,"column":31}},"7":{"start":{"line":11,"column":0},"end":{"line":11,"column":30}},"8":{"start":{"line":13,"column":0},"end":{"line":13,"column":48}},"9":{"start":{"line":15,"column":0},"end":{"line":15,"column":58}},"10":{"start":{"line":17,"column":0},"end":{"line":17,"column":54}},"11":{"start":{"line":19,"column":0},"end":{"line":19,"column":56}},"12":{"start":{"line":21,"column":0},"end":{"line":21,"column":50}},"13":{"start":{"line":23,"column":0},"end":{"line":23,"column":64}},"14":{"start":{"line":25,"column":0},"end":{"line":25,"column":48}},"15":{"start":{"line":30,"column":0},"end":{"line":30,"column":54}},"16":{"start":{"line":31,"column":0},"end":{"line":31,"column":35}},"17":{"start":{"line":32,"column":0},"end":{"line":32,"column":13}},"18":{"start":{"line":33,"column":0},"end":{"line":33,"column":18}},"19":{"start":{"line":34,"column":0},"end":{"line":34,"column":141}},"20":{"start":{"line":35,"column":0},"end":{"line":35,"column":22}},"21":{"start":{"line":36,"column":0},"end":{"line":36,"column":16}},"22":{"start":{"line":37,"column":0},"end":{"line":37,"column":6}},"23":{"start":{"line":38,"column":0},"end":{"line":38,"column":14}},"24":{"start":{"line":40,"column":0},"end":{"line":40,"column":14}},"25":{"start":{"line":41,"column":0},"end":{"line":41,"column":52}},"26":{"start":{"line":42,"column":0},"end":{"line":42,"column":37}},"27":{"start":{"line":43,"column":0},"end":{"line":43,"column":3}},"28":{"start":{"line":44,"column":0},"end":{"line":44,"column":36}},"29":{"start":{"line":45,"column":0},"end":{"line":45,"column":47}},"30":{"start":{"line":47,"column":0},"end":{"line":47,"column":48}},"31":{"start":{"line":50,"column":0},"end":{"line":50,"column":37}},"32":{"start":{"line":51,"column":0},"end":{"line":51,"column":35}},"33":{"start":{"line":52,"column":0},"end":{"line":52,"column":13}},"34":{"start":{"line":53,"column":0},"end":{"line":53,"column":18}},"35":{"start":{"line":54,"column":0},"end":{"line":54,"column":446}},"36":{"start":{"line":55,"column":0},"end":{"line":55,"column":16}},"37":{"start":{"line":56,"column":0},"end":{"line":56,"column":6}},"38":{"start":{"line":57,"column":0},"end":{"line":57,"column":14}},"39":{"start":{"line":58,"column":0},"end":{"line":58,"column":4}},"40":{"start":{"line":59,"column":0},"end":{"line":59,"column":3}},"41":{"start":{"line":60,"column":0},"end":{"line":60,"column":36}},"42":{"start":{"line":61,"column":0},"end":{"line":61,"column":47}},"43":{"start":{"line":63,"column":0},"end":{"line":63,"column":45}},"44":{"start":{"line":66,"column":0},"end":{"line":66,"column":53}},"45":{"start":{"line":67,"column":0},"end":{"line":67,"column":32}},"46":{"start":{"line":68,"column":0},"end":{"line":68,"column":34}},"47":{"start":{"line":69,"column":0},"end":{"line":69,"column":15}},"48":{"start":{"line":70,"column":0},"end":{"line":70,"column":29}},"49":{"start":{"line":71,"column":0},"end":{"line":71,"column":20}},"50":{"start":{"line":72,"column":0},"end":{"line":72,"column":111}},"51":{"start":{"line":73,"column":0},"end":{"line":73,"column":347}},"52":{"start":{"line":74,"column":0},"end":{"line":74,"column":18}},"53":{"start":{"line":75,"column":0},"end":{"line":75,"column":8}},"54":{"start":{"line":76,"column":0},"end":{"line":76,"column":16}},"55":{"start":{"line":77,"column":0},"end":{"line":77,"column":6}},"56":{"start":{"line":78,"column":0},"end":{"line":78,"column":33}},"57":{"start":{"line":79,"column":0},"end":{"line":79,"column":3}},"58":{"start":{"line":80,"column":0},"end":{"line":80,"column":76}},"59":{"start":{"line":82,"column":0},"end":{"line":82,"column":42}},"60":{"start":{"line":87,"column":0},"end":{"line":87,"column":44}},"61":{"start":{"line":88,"column":0},"end":{"line":88,"column":29}},"62":{"start":{"line":89,"column":0},"end":{"line":89,"column":13}},"63":{"start":{"line":90,"column":0},"end":{"line":90,"column":18}},"64":{"start":{"line":91,"column":0},"end":{"line":91,"column":232}},"65":{"start":{"line":92,"column":0},"end":{"line":92,"column":22}},"66":{"start":{"line":93,"column":0},"end":{"line":93,"column":16}},"67":{"start":{"line":94,"column":0},"end":{"line":94,"column":6}},"68":{"start":{"line":95,"column":0},"end":{"line":95,"column":14}},"69":{"start":{"line":96,"column":0},"end":{"line":96,"column":4}},"70":{"start":{"line":97,"column":0},"end":{"line":97,"column":3}},"71":{"start":{"line":98,"column":0},"end":{"line":98,"column":70}},"72":{"start":{"line":100,"column":0},"end":{"line":100,"column":50}},"73":{"start":{"line":103,"column":0},"end":{"line":103,"column":56}},"74":{"start":{"line":104,"column":0},"end":{"line":104,"column":37}},"75":{"start":{"line":105,"column":0},"end":{"line":105,"column":13}},"76":{"start":{"line":106,"column":0},"end":{"line":106,"column":18}},"77":{"start":{"line":107,"column":0},"end":{"line":107,"column":237}},"78":{"start":{"line":108,"column":0},"end":{"line":108,"column":16}},"79":{"start":{"line":109,"column":0},"end":{"line":109,"column":6}},"80":{"start":{"line":110,"column":0},"end":{"line":110,"column":21}},"81":{"start":{"line":111,"column":0},"end":{"line":111,"column":14}},"82":{"start":{"line":113,"column":0},"end":{"line":113,"column":83}},"83":{"start":{"line":114,"column":0},"end":{"line":114,"column":43}},"84":{"start":{"line":115,"column":0},"end":{"line":115,"column":41}},"85":{"start":{"line":116,"column":0},"end":{"line":116,"column":44}},"86":{"start":{"line":117,"column":0},"end":{"line":117,"column":11}},"87":{"start":{"line":118,"column":0},"end":{"line":118,"column":14}},"88":{"start":{"line":119,"column":0},"end":{"line":119,"column":39}},"89":{"start":{"line":120,"column":0},"end":{"line":120,"column":3}},"90":{"start":{"line":121,"column":0},"end":{"line":121,"column":38}},"91":{"start":{"line":122,"column":0},"end":{"line":122,"column":49}},"92":{"start":{"line":124,"column":0},"end":{"line":124,"column":47}},"93":{"start":{"line":127,"column":0},"end":{"line":127,"column":47}},"94":{"start":{"line":128,"column":0},"end":{"line":128,"column":34}},"95":{"start":{"line":129,"column":0},"end":{"line":129,"column":13}},"96":{"start":{"line":130,"column":0},"end":{"line":130,"column":18}},"97":{"start":{"line":131,"column":0},"end":{"line":131,"column":237}},"98":{"start":{"line":132,"column":0},"end":{"line":132,"column":16}},"99":{"start":{"line":133,"column":0},"end":{"line":133,"column":6}},"100":{"start":{"line":134,"column":0},"end":{"line":134,"column":14}},"101":{"start":{"line":136,"column":0},"end":{"line":136,"column":83}},"102":{"start":{"line":137,"column":0},"end":{"line":137,"column":43}},"103":{"start":{"line":138,"column":0},"end":{"line":138,"column":58}},"104":{"start":{"line":139,"column":0},"end":{"line":139,"column":44}},"105":{"start":{"line":140,"column":0},"end":{"line":140,"column":11}},"106":{"start":{"line":141,"column":0},"end":{"line":141,"column":14}},"107":{"start":{"line":142,"column":0},"end":{"line":142,"column":36}},"108":{"start":{"line":143,"column":0},"end":{"line":143,"column":3}},"109":{"start":{"line":144,"column":0},"end":{"line":144,"column":80}},"110":{"start":{"line":146,"column":0},"end":{"line":146,"column":43}},"111":{"start":{"line":151,"column":0},"end":{"line":151,"column":44}},"112":{"start":{"line":152,"column":0},"end":{"line":152,"column":30}},"113":{"start":{"line":153,"column":0},"end":{"line":153,"column":13}},"114":{"start":{"line":154,"column":0},"end":{"line":154,"column":18}},"115":{"start":{"line":155,"column":0},"end":{"line":155,"column":42}},"116":{"start":{"line":156,"column":0},"end":{"line":156,"column":22}},"117":{"start":{"line":157,"column":0},"end":{"line":157,"column":16}},"118":{"start":{"line":158,"column":0},"end":{"line":158,"column":6}},"119":{"start":{"line":159,"column":0},"end":{"line":159,"column":14}},"120":{"start":{"line":160,"column":0},"end":{"line":160,"column":4}},"121":{"start":{"line":161,"column":0},"end":{"line":161,"column":3}},"122":{"start":{"line":162,"column":0},"end":{"line":162,"column":72}},"123":{"start":{"line":164,"column":0},"end":{"line":164,"column":47}},"124":{"start":{"line":167,"column":0},"end":{"line":167,"column":37}},"125":{"start":{"line":168,"column":0},"end":{"line":168,"column":34}},"126":{"start":{"line":169,"column":0},"end":{"line":169,"column":13}},"127":{"start":{"line":170,"column":0},"end":{"line":170,"column":57}},"128":{"start":{"line":171,"column":0},"end":{"line":171,"column":14}},"129":{"start":{"line":172,"column":0},"end":{"line":172,"column":4}},"130":{"start":{"line":173,"column":0},"end":{"line":173,"column":3}},"131":{"start":{"line":174,"column":0},"end":{"line":174,"column":80}},"132":{"start":{"line":176,"column":0},"end":{"line":176,"column":31}},"133":{"start":{"line":177,"column":0},"end":{"line":177,"column":12}},"134":{"start":{"line":178,"column":0},"end":{"line":178,"column":10}},"135":{"start":{"line":179,"column":0},"end":{"line":179,"column":46}},"136":{"start":{"line":180,"column":0},"end":{"line":180,"column":10}},"137":{"start":{"line":181,"column":0},"end":{"line":181,"column":9}},"138":{"start":{"line":182,"column":0},"end":{"line":182,"column":77}},"139":{"start":{"line":183,"column":0},"end":{"line":183,"column":16}},"140":{"start":{"line":184,"column":0},"end":{"line":184,"column":6}},"141":{"start":{"line":186,"column":0},"end":{"line":186,"column":2}},"142":{"start":{"line":187,"column":0},"end":{"line":187,"column":58}},"143":{"start":{"line":189,"column":0},"end":{"line":189,"column":8}},"144":{"start":{"line":190,"column":0},"end":{"line":190,"column":15}},"145":{"start":{"line":191,"column":0},"end":{"line":191,"column":22}},"146":{"start":{"line":192,"column":0},"end":{"line":192,"column":22}},"147":{"start":{"line":193,"column":0},"end":{"line":193,"column":19}},"148":{"start":{"line":194,"column":0},"end":{"line":194,"column":27}},"149":{"start":{"line":195,"column":0},"end":{"line":195,"column":24}},"150":{"start":{"line":196,"column":0},"end":{"line":196,"column":20}},"151":{"start":{"line":197,"column":0},"end":{"line":197,"column":24}},"152":{"start":{"line":198,"column":0},"end":{"line":198,"column":23}},"153":{"start":{"line":199,"column":0},"end":{"line":199,"column":20}},"154":{"start":{"line":200,"column":0},"end":{"line":200,"column":21}},"155":{"start":{"line":201,"column":0},"end":{"line":201,"column":18}},"156":{"start":{"line":202,"column":0},"end":{"line":202,"column":25}},"157":{"start":{"line":203,"column":0},"end":{"line":203,"column":25}},"158":{"start":{"line":204,"column":0},"end":{"line":204,"column":25}},"159":{"start":{"line":1,"column":0},"end":{"line":1,"column":13}}},"s":{"0":1,"1":1,"2":1,"3":1,"4":1,"5":1,"6":1,"7":1,"8":2,"9":2,"10":2,"11":2,"12":2,"13":2,"14":2,"15":2,"16":0,"17":0,"18":0,"19":0,"20":0,"21":0,"22":0,"23":0,"24":0,"25":0,"26":0,"27":0,"28":2,"29":2,"30":2,"31":2,"32":0,"33":0,"34":0,"35":0,"36":0,"37":0,"38":0,"39":0,"40":0,"41":2,"42":2,"43":2,"44":2,"45":13,"46":13,"47":13,"48":13,"49":13,"50":13,"51":13,"52":13,"53":13,"54":13,"55":13,"56":13,"57":2,"58":2,"59":2,"60":2,"61":0,"62":0,"63":0,"64":0,"65":0,"66":0,"67":0,"68":0,"69":0,"70":0,"71":2,"72":2,"73":2,"74":0,"75":0,"76":0,"77":0,"78":0,"79":0,"80":0,"81":0,"82":0,"83":0,"84":0,"85":0,"86":0,"87":0,"88":0,"89":0,"90":2,"91":2,"92":2,"93":2,"94":0,"95":0,"96":0,"97":0,"98":0,"99":0,"100":0,"101":0,"102":0,"103":0,"104":0,"105":0,"106":0,"107":0,"108":0,"109":2,"110":2,"111":2,"112":0,"113":0,"114":0,"115":0,"116":0,"117":0,"118":0,"119":0,"120":0,"121":0,"122":2,"123":2,"124":2,"125":0,"126":0,"127":0,"128":0,"129":0,"130":0,"131":2,"132":2,"133":0,"134":0,"135":0,"136":0,"137":0,"138":0,"139":0,"140":0,"141":0,"142":2,"143":1,"144":1,"145":1,"146":1,"147":1,"148":1,"149":1,"150":1,"151":1,"152":1,"153":1,"154":1,"155":1,"156":1,"157":1,"158":1,"159":1},"branchMap":{"0":{"type":"branch","line":9,"loc":{"start":{"line":9,"column":23},"end":{"line":9,"column":31}},"locations":[{"start":{"line":9,"column":23},"end":{"line":9,"column":31}}]},"1":{"type":"branch","line":66,"loc":{"start":{"line":66,"column":2},"end":{"line":78,"column":33}},"locations":[{"start":{"line":66,"column":2},"end":{"line":78,"column":33}}]}},"b":{"0":[0],"1":[13]},"fnMap":{"0":{"name":"DropdownMenuShortcut","decl":{"start":{"line":176,"column":29},"end":{"line":186,"column":2}},"loc":{"start":{"line":176,"column":29},"end":{"line":186,"column":2}},"line":176}},"f":{"0":0}},"/Users/e/dev/github.com/cloudbring/v1-convex/packages/ui/src/components/icons.tsx":{"path":"/Users/e/dev/github.com/cloudbring/v1-convex/packages/ui/src/components/icons.tsx","all":false,"statementMap":{"0":{"start":{"line":1,"column":0},"end":{"line":1,"column":60}},"1":{"start":{"line":3,"column":0},"end":{"line":3,"column":22}},"2":{"start":{"line":4,"column":0},"end":{"line":4,"column":18}},"3":{"start":{"line":5,"column":0},"end":{"line":5,"column":7}},"4":{"start":{"line":6,"column":0},"end":{"line":6,"column":8}},"5":{"start":{"line":7,"column":0},"end":{"line":7,"column":18}},"6":{"start":{"line":8,"column":0},"end":{"line":8,"column":2}}},"s":{"0":2,"1":2,"2":2,"3":2,"4":2,"5":2,"6":2},"branchMap":{},"b":{},"fnMap":{},"f":{}},"/Users/e/dev/github.com/cloudbring/v1-convex/packages/ui/src/components/input.tsx":{"path":"/Users/e/dev/github.com/cloudbring/v1-convex/packages/ui/src/components/input.tsx","all":false,"statementMap":{"0":{"start":{"line":1,"column":0},"end":{"line":1,"column":31}},"1":{"start":{"line":3,"column":0},"end":{"line":3,"column":30}},"2":{"start":{"line":8,"column":0},"end":{"line":8,"column":61}},"3":{"start":{"line":9,"column":0},"end":{"line":9,"column":43}},"4":{"start":{"line":10,"column":0},"end":{"line":10,"column":12}},"5":{"start":{"line":11,"column":0},"end":{"line":11,"column":12}},"6":{"start":{"line":12,"column":0},"end":{"line":12,"column":19}},"7":{"start":{"line":13,"column":0},"end":{"line":13,"column":22}},"8":{"start":{"line":14,"column":0},"end":{"line":14,"column":361}},"9":{"start":{"line":15,"column":0},"end":{"line":15,"column":20}},"10":{"start":{"line":16,"column":0},"end":{"line":16,"column":10}},"11":{"start":{"line":17,"column":0},"end":{"line":17,"column":17}},"12":{"start":{"line":18,"column":0},"end":{"line":18,"column":18}},"13":{"start":{"line":19,"column":0},"end":{"line":19,"column":8}},"14":{"start":{"line":21,"column":0},"end":{"line":21,"column":4}},"15":{"start":{"line":22,"column":0},"end":{"line":22,"column":2}},"16":{"start":{"line":23,"column":0},"end":{"line":23,"column":28}},"17":{"start":{"line":25,"column":0},"end":{"line":25,"column":17}}},"s":{"0":2,"1":1,"2":2,"3":2,"4":49,"5":49,"6":49,"7":49,"8":49,"9":49,"10":49,"11":49,"12":49,"13":49,"14":49,"15":2,"16":2,"17":1},"branchMap":{"0":{"type":"branch","line":1,"loc":{"start":{"line":1,"column":23},"end":{"line":1,"column":31}},"locations":[{"start":{"line":1,"column":23},"end":{"line":1,"column":31}}]},"1":{"type":"branch","line":9,"loc":{"start":{"line":9,"column":2},"end":{"line":21,"column":4}},"locations":[{"start":{"line":9,"column":2},"end":{"line":21,"column":4}}]}},"b":{"0":[0],"1":[49]},"fnMap":{},"f":{}},"/Users/e/dev/github.com/cloudbring/v1-convex/packages/ui/src/components/logo.tsx":{"path":"/Users/e/dev/github.com/cloudbring/v1-convex/packages/ui/src/components/logo.tsx","all":false,"statementMap":{"0":{"start":{"line":1,"column":0},"end":{"line":1,"column":30}},"1":{"start":{"line":10,"column":0},"end":{"line":10,"column":72}},"2":{"start":{"line":11,"column":0},"end":{"line":11,"column":10}},"3":{"start":{"line":12,"column":0},"end":{"line":12,"column":8}},"4":{"start":{"line":13,"column":0},"end":{"line":13,"column":15}},"5":{"start":{"line":14,"column":0},"end":{"line":14,"column":25}},"6":{"start":{"line":15,"column":0},"end":{"line":15,"column":27}},"7":{"start":{"line":16,"column":0},"end":{"line":16,"column":40}},"8":{"start":{"line":17,"column":0},"end":{"line":17,"column":49}},"9":{"start":{"line":18,"column":0},"end":{"line":18,"column":25}},"10":{"start":{"line":19,"column":0},"end":{"line":19,"column":17}},"11":{"start":{"line":21,"column":0},"end":{"line":21,"column":11}},"12":{"start":{"line":22,"column":0},"end":{"line":22,"column":26}},"13":{"start":{"line":23,"column":0},"end":{"line":23,"column":26}},"14":{"start":{"line":24,"column":0},"end":{"line":24,"column":1655}},"15":{"start":{"line":25,"column":0},"end":{"line":25,"column":27}},"16":{"start":{"line":26,"column":0},"end":{"line":26,"column":8}},"17":{"start":{"line":27,"column":0},"end":{"line":27,"column":10}},"18":{"start":{"line":29,"column":0},"end":{"line":29,"column":1}}},"s":{"0":2,"1":2,"2":30,"3":30,"4":30,"5":30,"6":30,"7":30,"8":30,"9":30,"10":30,"11":30,"12":30,"13":30,"14":30,"15":30,"16":30,"17":30,"18":30},"branchMap":{"0":{"type":"branch","line":10,"loc":{"start":{"line":10,"column":7},"end":{"line":29,"column":1}},"locations":[{"start":{"line":10,"column":7},"end":{"line":29,"column":1}}]},"1":{"type":"branch","line":14,"loc":{"start":{"line":14,"column":13},"end":{"line":14,"column":25}},"locations":[{"start":{"line":14,"column":13},"end":{"line":14,"column":25}}]},"2":{"type":"branch","line":15,"loc":{"start":{"line":15,"column":14},"end":{"line":15,"column":27}},"locations":[{"start":{"line":15,"column":14},"end":{"line":15,"column":27}}]}},"b":{"0":[30],"1":[20],"2":[20]},"fnMap":{"0":{"name":"Logo","decl":{"start":{"line":10,"column":7},"end":{"line":29,"column":1}},"loc":{"start":{"line":10,"column":7},"end":{"line":29,"column":1}},"line":10}},"f":{"0":30}},"/Users/e/dev/github.com/cloudbring/v1-convex/packages/ui/src/components/scroll-area.tsx":{"path":"/Users/e/dev/github.com/cloudbring/v1-convex/packages/ui/src/components/scroll-area.tsx","all":false,"statementMap":{"0":{"start":{"line":1,"column":0},"end":{"line":1,"column":67}},"1":{"start":{"line":2,"column":0},"end":{"line":2,"column":31}},"2":{"start":{"line":4,"column":0},"end":{"line":4,"column":30}},"3":{"start":{"line":6,"column":0},"end":{"line":6,"column":36}},"4":{"start":{"line":9,"column":0},"end":{"line":9,"column":47}},"5":{"start":{"line":10,"column":0},"end":{"line":10,"column":27}},"6":{"start":{"line":11,"column":0},"end":{"line":11,"column":13}},"7":{"start":{"line":12,"column":0},"end":{"line":12,"column":57}},"8":{"start":{"line":13,"column":0},"end":{"line":13,"column":14}},"9":{"start":{"line":15,"column":0},"end":{"line":15,"column":78}},"10":{"start":{"line":16,"column":0},"end":{"line":16,"column":16}},"11":{"start":{"line":17,"column":0},"end":{"line":17,"column":35}},"12":{"start":{"line":18,"column":0},"end":{"line":18,"column":17}},"13":{"start":{"line":19,"column":0},"end":{"line":19,"column":34}},"14":{"start":{"line":20,"column":0},"end":{"line":20,"column":29}},"15":{"start":{"line":21,"column":0},"end":{"line":21,"column":3}},"16":{"start":{"line":22,"column":0},"end":{"line":22,"column":62}},"17":{"start":{"line":24,"column":0},"end":{"line":24,"column":35}},"18":{"start":{"line":27,"column":0},"end":{"line":27,"column":63}},"19":{"start":{"line":28,"column":0},"end":{"line":28,"column":42}},"20":{"start":{"line":29,"column":0},"end":{"line":29,"column":13}},"21":{"start":{"line":30,"column":0},"end":{"line":30,"column":29}},"22":{"start":{"line":31,"column":0},"end":{"line":31,"column":18}},"23":{"start":{"line":32,"column":0},"end":{"line":32,"column":54}},"24":{"start":{"line":33,"column":0},"end":{"line":33,"column":35}},"25":{"start":{"line":34,"column":0},"end":{"line":34,"column":61}},"26":{"start":{"line":35,"column":0},"end":{"line":35,"column":37}},"27":{"start":{"line":36,"column":0},"end":{"line":36,"column":54}},"28":{"start":{"line":37,"column":0},"end":{"line":37,"column":16}},"29":{"start":{"line":38,"column":0},"end":{"line":38,"column":6}},"30":{"start":{"line":39,"column":0},"end":{"line":39,"column":14}},"31":{"start":{"line":41,"column":0},"end":{"line":41,"column":94}},"32":{"start":{"line":42,"column":0},"end":{"line":42,"column":44}},"33":{"start":{"line":43,"column":0},"end":{"line":43,"column":3}},"34":{"start":{"line":44,"column":0},"end":{"line":44,"column":76}},"35":{"start":{"line":46,"column":0},"end":{"line":46,"column":33}}},"s":{"0":2,"1":1,"2":1,"3":2,"4":2,"5":19,"6":19,"7":19,"8":19,"9":19,"10":19,"11":19,"12":19,"13":19,"14":19,"15":19,"16":2,"17":2,"18":2,"19":23,"20":23,"21":23,"22":23,"23":23,"24":23,"25":20,"26":23,"27":3,"28":23,"29":23,"30":23,"31":23,"32":23,"33":23,"34":2,"35":1},"branchMap":{"0":{"type":"branch","line":2,"loc":{"start":{"line":2,"column":23},"end":{"line":2,"column":31}},"locations":[{"start":{"line":2,"column":23},"end":{"line":2,"column":31}}]},"1":{"type":"branch","line":9,"loc":{"start":{"line":9,"column":2},"end":{"line":21,"column":3}},"locations":[{"start":{"line":9,"column":2},"end":{"line":21,"column":3}}]},"2":{"type":"branch","line":27,"loc":{"start":{"line":27,"column":2},"end":{"line":43,"column":3}},"locations":[{"start":{"line":27,"column":2},"end":{"line":43,"column":3}}]},"3":{"type":"branch","line":33,"loc":{"start":{"line":33,"column":22},"end":{"line":34,"column":61}},"locations":[{"start":{"line":33,"column":22},"end":{"line":34,"column":61}}]},"4":{"type":"branch","line":35,"loc":{"start":{"line":35,"column":22},"end":{"line":36,"column":54}},"locations":[{"start":{"line":35,"column":22},"end":{"line":36,"column":54}}]}},"b":{"0":[0],"1":[19],"2":[23],"3":[20],"4":[3]},"fnMap":{},"f":{}},"/Users/e/dev/github.com/cloudbring/v1-convex/packages/ui/src/components/select.tsx":{"path":"/Users/e/dev/github.com/cloudbring/v1-convex/packages/ui/src/components/select.tsx","all":false,"statementMap":{"0":{"start":{"line":3,"column":0},"end":{"line":3,"column":8}},"1":{"start":{"line":4,"column":0},"end":{"line":4,"column":16}},"2":{"start":{"line":5,"column":0},"end":{"line":5,"column":12}},"3":{"start":{"line":6,"column":0},"end":{"line":6,"column":18}},"4":{"start":{"line":7,"column":0},"end":{"line":7,"column":16}},"5":{"start":{"line":8,"column":0},"end":{"line":8,"column":31}},"6":{"start":{"line":9,"column":0},"end":{"line":9,"column":58}},"7":{"start":{"line":10,"column":0},"end":{"line":10,"column":31}},"8":{"start":{"line":12,"column":0},"end":{"line":12,"column":30}},"9":{"start":{"line":14,"column":0},"end":{"line":14,"column":36}},"10":{"start":{"line":16,"column":0},"end":{"line":16,"column":42}},"11":{"start":{"line":18,"column":0},"end":{"line":18,"column":42}},"12":{"start":{"line":20,"column":0},"end":{"line":20,"column":39}},"13":{"start":{"line":23,"column":0},"end":{"line":23,"column":47}},"14":{"start":{"line":24,"column":0},"end":{"line":24,"column":26}},"15":{"start":{"line":25,"column":0},"end":{"line":25,"column":13}},"16":{"start":{"line":26,"column":0},"end":{"line":26,"column":18}},"17":{"start":{"line":27,"column":0},"end":{"line":27,"column":320}},"18":{"start":{"line":28,"column":0},"end":{"line":28,"column":16}},"19":{"start":{"line":29,"column":0},"end":{"line":29,"column":6}},"20":{"start":{"line":30,"column":0},"end":{"line":30,"column":14}},"21":{"start":{"line":32,"column":0},"end":{"line":32,"column":14}},"22":{"start":{"line":33,"column":0},"end":{"line":33,"column":34}},"23":{"start":{"line":34,"column":0},"end":{"line":34,"column":54}},"24":{"start":{"line":35,"column":0},"end":{"line":35,"column":27}},"25":{"start":{"line":36,"column":0},"end":{"line":36,"column":28}},"26":{"start":{"line":37,"column":0},"end":{"line":37,"column":3}},"27":{"start":{"line":38,"column":0},"end":{"line":38,"column":64}},"28":{"start":{"line":40,"column":0},"end":{"line":40,"column":46}},"29":{"start":{"line":43,"column":0},"end":{"line":43,"column":37}},"30":{"start":{"line":44,"column":0},"end":{"line":44,"column":33}},"31":{"start":{"line":45,"column":0},"end":{"line":45,"column":13}},"32":{"start":{"line":46,"column":0},"end":{"line":46,"column":18}},"33":{"start":{"line":47,"column":0},"end":{"line":47,"column":61}},"34":{"start":{"line":48,"column":0},"end":{"line":48,"column":16}},"35":{"start":{"line":49,"column":0},"end":{"line":49,"column":6}},"36":{"start":{"line":50,"column":0},"end":{"line":50,"column":14}},"37":{"start":{"line":52,"column":0},"end":{"line":52,"column":21}},"38":{"start":{"line":53,"column":0},"end":{"line":53,"column":35}},"39":{"start":{"line":54,"column":0},"end":{"line":54,"column":3}},"40":{"start":{"line":55,"column":0},"end":{"line":55,"column":78}},"41":{"start":{"line":57,"column":0},"end":{"line":57,"column":48}},"42":{"start":{"line":60,"column":0},"end":{"line":60,"column":37}},"43":{"start":{"line":61,"column":0},"end":{"line":61,"column":35}},"44":{"start":{"line":62,"column":0},"end":{"line":62,"column":13}},"45":{"start":{"line":63,"column":0},"end":{"line":63,"column":18}},"46":{"start":{"line":64,"column":0},"end":{"line":64,"column":61}},"47":{"start":{"line":65,"column":0},"end":{"line":65,"column":16}},"48":{"start":{"line":66,"column":0},"end":{"line":66,"column":6}},"49":{"start":{"line":67,"column":0},"end":{"line":67,"column":14}},"50":{"start":{"line":69,"column":0},"end":{"line":69,"column":23}},"51":{"start":{"line":70,"column":0},"end":{"line":70,"column":37}},"52":{"start":{"line":71,"column":0},"end":{"line":71,"column":3}},"53":{"start":{"line":72,"column":0},"end":{"line":72,"column":36}},"54":{"start":{"line":73,"column":0},"end":{"line":73,"column":47}},"55":{"start":{"line":75,"column":0},"end":{"line":75,"column":39}},"56":{"start":{"line":78,"column":0},"end":{"line":78,"column":68}},"57":{"start":{"line":79,"column":0},"end":{"line":79,"column":26}},"58":{"start":{"line":80,"column":0},"end":{"line":80,"column":28}},"59":{"start":{"line":81,"column":0},"end":{"line":81,"column":15}},"60":{"start":{"line":82,"column":0},"end":{"line":82,"column":20}},"61":{"start":{"line":83,"column":0},"end":{"line":83,"column":462}},"62":{"start":{"line":84,"column":0},"end":{"line":84,"column":32}},"63":{"start":{"line":85,"column":0},"end":{"line":85,"column":140}},"64":{"start":{"line":86,"column":0},"end":{"line":86,"column":18}},"65":{"start":{"line":87,"column":0},"end":{"line":87,"column":8}},"66":{"start":{"line":88,"column":0},"end":{"line":88,"column":25}},"67":{"start":{"line":89,"column":0},"end":{"line":89,"column":16}},"68":{"start":{"line":91,"column":0},"end":{"line":91,"column":30}},"69":{"start":{"line":92,"column":0},"end":{"line":92,"column":31}},"70":{"start":{"line":93,"column":0},"end":{"line":93,"column":22}},"71":{"start":{"line":94,"column":0},"end":{"line":94,"column":16}},"72":{"start":{"line":95,"column":0},"end":{"line":95,"column":34}},"73":{"start":{"line":96,"column":0},"end":{"line":96,"column":102}},"74":{"start":{"line":97,"column":0},"end":{"line":97,"column":10}},"75":{"start":{"line":99,"column":0},"end":{"line":99,"column":18}},"76":{"start":{"line":100,"column":0},"end":{"line":100,"column":33}},"77":{"start":{"line":101,"column":0},"end":{"line":101,"column":32}},"78":{"start":{"line":102,"column":0},"end":{"line":102,"column":30}},"79":{"start":{"line":103,"column":0},"end":{"line":103,"column":27}},"80":{"start":{"line":104,"column":0},"end":{"line":104,"column":3}},"81":{"start":{"line":105,"column":0},"end":{"line":105,"column":64}},"82":{"start":{"line":107,"column":0},"end":{"line":107,"column":37}},"83":{"start":{"line":110,"column":0},"end":{"line":110,"column":37}},"84":{"start":{"line":111,"column":0},"end":{"line":111,"column":24}},"85":{"start":{"line":112,"column":0},"end":{"line":112,"column":13}},"86":{"start":{"line":113,"column":0},"end":{"line":113,"column":66}},"87":{"start":{"line":114,"column":0},"end":{"line":114,"column":14}},"88":{"start":{"line":115,"column":0},"end":{"line":115,"column":4}},"89":{"start":{"line":116,"column":0},"end":{"line":116,"column":3}},"90":{"start":{"line":117,"column":0},"end":{"line":117,"column":60}},"91":{"start":{"line":119,"column":0},"end":{"line":119,"column":36}},"92":{"start":{"line":122,"column":0},"end":{"line":122,"column":47}},"93":{"start":{"line":123,"column":0},"end":{"line":123,"column":23}},"94":{"start":{"line":124,"column":0},"end":{"line":124,"column":13}},"95":{"start":{"line":125,"column":0},"end":{"line":125,"column":18}},"96":{"start":{"line":126,"column":0},"end":{"line":126,"column":226}},"97":{"start":{"line":127,"column":0},"end":{"line":127,"column":16}},"98":{"start":{"line":128,"column":0},"end":{"line":128,"column":6}},"99":{"start":{"line":129,"column":0},"end":{"line":129,"column":14}},"100":{"start":{"line":131,"column":0},"end":{"line":131,"column":84}},"101":{"start":{"line":132,"column":0},"end":{"line":132,"column":37}},"102":{"start":{"line":133,"column":0},"end":{"line":133,"column":41}},"103":{"start":{"line":134,"column":0},"end":{"line":134,"column":38}},"104":{"start":{"line":135,"column":0},"end":{"line":135,"column":11}},"105":{"start":{"line":136,"column":0},"end":{"line":136,"column":67}},"106":{"start":{"line":137,"column":0},"end":{"line":137,"column":25}},"107":{"start":{"line":138,"column":0},"end":{"line":138,"column":3}},"108":{"start":{"line":139,"column":0},"end":{"line":139,"column":58}},"109":{"start":{"line":141,"column":0},"end":{"line":141,"column":41}},"110":{"start":{"line":144,"column":0},"end":{"line":144,"column":37}},"111":{"start":{"line":145,"column":0},"end":{"line":145,"column":28}},"112":{"start":{"line":146,"column":0},"end":{"line":146,"column":13}},"113":{"start":{"line":147,"column":0},"end":{"line":147,"column":57}},"114":{"start":{"line":148,"column":0},"end":{"line":148,"column":14}},"115":{"start":{"line":149,"column":0},"end":{"line":149,"column":4}},"116":{"start":{"line":150,"column":0},"end":{"line":150,"column":3}},"117":{"start":{"line":151,"column":0},"end":{"line":151,"column":68}},"118":{"start":{"line":153,"column":0},"end":{"line":153,"column":8}},"119":{"start":{"line":154,"column":0},"end":{"line":154,"column":9}},"120":{"start":{"line":155,"column":0},"end":{"line":155,"column":14}},"121":{"start":{"line":156,"column":0},"end":{"line":156,"column":14}},"122":{"start":{"line":157,"column":0},"end":{"line":157,"column":16}},"123":{"start":{"line":158,"column":0},"end":{"line":158,"column":16}},"124":{"start":{"line":159,"column":0},"end":{"line":159,"column":14}},"125":{"start":{"line":160,"column":0},"end":{"line":160,"column":13}},"126":{"start":{"line":161,"column":0},"end":{"line":161,"column":18}},"127":{"start":{"line":162,"column":0},"end":{"line":162,"column":23}},"128":{"start":{"line":163,"column":0},"end":{"line":163,"column":25}},"129":{"start":{"line":1,"column":0},"end":{"line":1,"column":13}}},"s":{"0":1,"1":1,"2":1,"3":1,"4":1,"5":1,"6":1,"7":1,"8":1,"9":2,"10":2,"11":2,"12":2,"13":2,"14":15,"15":15,"16":15,"17":15,"18":15,"19":15,"20":15,"21":15,"22":15,"23":15,"24":15,"25":15,"26":15,"27":2,"28":2,"29":2,"30":12,"31":12,"32":12,"33":12,"34":12,"35":12,"36":12,"37":12,"38":12,"39":12,"40":2,"41":2,"42":2,"43":12,"44":12,"45":12,"46":12,"47":12,"48":12,"49":12,"50":12,"51":12,"52":12,"53":2,"54":2,"55":2,"56":2,"57":12,"58":12,"59":12,"60":12,"61":12,"62":12,"63":12,"64":12,"65":12,"66":12,"67":12,"68":12,"69":12,"70":12,"71":12,"72":12,"73":12,"74":12,"75":12,"76":12,"77":12,"78":12,"79":12,"80":2,"81":2,"82":2,"83":2,"84":4,"85":4,"86":4,"87":4,"88":4,"89":4,"90":2,"91":2,"92":2,"93":43,"94":43,"95":43,"96":43,"97":43,"98":43,"99":43,"100":43,"101":43,"102":43,"103":43,"104":43,"105":43,"106":43,"107":43,"108":2,"109":2,"110":2,"111":3,"112":3,"113":3,"114":3,"115":3,"116":3,"117":2,"118":1,"119":1,"120":1,"121":1,"122":1,"123":1,"124":1,"125":1,"126":1,"127":1,"128":1,"129":1},"branchMap":{"0":{"type":"branch","line":10,"loc":{"start":{"line":10,"column":23},"end":{"line":10,"column":31}},"locations":[{"start":{"line":10,"column":23},"end":{"line":10,"column":31}}]},"1":{"type":"branch","line":23,"loc":{"start":{"line":23,"column":2},"end":{"line":37,"column":3}},"locations":[{"start":{"line":23,"column":2},"end":{"line":37,"column":3}}]},"2":{"type":"branch","line":43,"loc":{"start":{"line":43,"column":2},"end":{"line":54,"column":3}},"locations":[{"start":{"line":43,"column":2},"end":{"line":54,"column":3}}]},"3":{"type":"branch","line":60,"loc":{"start":{"line":60,"column":2},"end":{"line":71,"column":3}},"locations":[{"start":{"line":60,"column":2},"end":{"line":71,"column":3}}]},"4":{"type":"branch","line":78,"loc":{"start":{"line":78,"column":2},"end":{"line":103,"column":27}},"locations":[{"start":{"line":78,"column":2},"end":{"line":103,"column":27}}]},"5":{"type":"branch","line":110,"loc":{"start":{"line":110,"column":2},"end":{"line":116,"column":3}},"locations":[{"start":{"line":110,"column":2},"end":{"line":116,"column":3}}]},"6":{"type":"branch","line":122,"loc":{"start":{"line":122,"column":2},"end":{"line":138,"column":3}},"locations":[{"start":{"line":122,"column":2},"end":{"line":138,"column":3}}]},"7":{"type":"branch","line":144,"loc":{"start":{"line":144,"column":2},"end":{"line":150,"column":3}},"locations":[{"start":{"line":144,"column":2},"end":{"line":150,"column":3}}]}},"b":{"0":[0],"1":[15],"2":[12],"3":[12],"4":[12],"5":[4],"6":[43],"7":[3]},"fnMap":{},"f":{}},"/Users/e/dev/github.com/cloudbring/v1-convex/packages/ui/src/components/switch.tsx":{"path":"/Users/e/dev/github.com/cloudbring/v1-convex/packages/ui/src/components/switch.tsx","all":false,"statementMap":{"0":{"start":{"line":3,"column":0},"end":{"line":3,"column":59}},"1":{"start":{"line":4,"column":0},"end":{"line":4,"column":31}},"2":{"start":{"line":6,"column":0},"end":{"line":6,"column":30}},"3":{"start":{"line":8,"column":0},"end":{"line":8,"column":32}},"4":{"start":{"line":11,"column":0},"end":{"line":11,"column":37}},"5":{"start":{"line":12,"column":0},"end":{"line":12,"column":24}},"6":{"start":{"line":13,"column":0},"end":{"line":13,"column":18}},"7":{"start":{"line":14,"column":0},"end":{"line":14,"column":388}},"8":{"start":{"line":15,"column":0},"end":{"line":15,"column":16}},"9":{"start":{"line":16,"column":0},"end":{"line":16,"column":6}},"10":{"start":{"line":17,"column":0},"end":{"line":17,"column":14}},"11":{"start":{"line":18,"column":0},"end":{"line":18,"column":13}},"12":{"start":{"line":20,"column":0},"end":{"line":20,"column":27}},"13":{"start":{"line":21,"column":0},"end":{"line":21,"column":20}},"14":{"start":{"line":22,"column":0},"end":{"line":22,"column":181}},"15":{"start":{"line":23,"column":0},"end":{"line":23,"column":8}},"16":{"start":{"line":24,"column":0},"end":{"line":24,"column":6}},"17":{"start":{"line":25,"column":0},"end":{"line":25,"column":26}},"18":{"start":{"line":26,"column":0},"end":{"line":26,"column":3}},"19":{"start":{"line":27,"column":0},"end":{"line":27,"column":55}},"20":{"start":{"line":29,"column":0},"end":{"line":29,"column":18}},"21":{"start":{"line":1,"column":0},"end":{"line":1,"column":13}}},"s":{"0":1,"1":1,"2":1,"3":2,"4":2,"5":24,"6":24,"7":24,"8":24,"9":24,"10":24,"11":24,"12":24,"13":24,"14":24,"15":24,"16":24,"17":24,"18":24,"19":2,"20":1,"21":1},"branchMap":{"0":{"type":"branch","line":4,"loc":{"start":{"line":4,"column":23},"end":{"line":4,"column":31}},"locations":[{"start":{"line":4,"column":23},"end":{"line":4,"column":31}}]},"1":{"type":"branch","line":11,"loc":{"start":{"line":11,"column":2},"end":{"line":26,"column":3}},"locations":[{"start":{"line":11,"column":2},"end":{"line":26,"column":3}}]}},"b":{"0":[0],"1":[24]},"fnMap":{},"f":{}},"/Users/e/dev/github.com/cloudbring/v1-convex/packages/ui/src/components/tooltip.tsx":{"path":"/Users/e/dev/github.com/cloudbring/v1-convex/packages/ui/src/components/tooltip.tsx","all":false,"statementMap":{"0":{"start":{"line":1,"column":0},"end":{"line":1,"column":60}},"1":{"start":{"line":2,"column":0},"end":{"line":2,"column":31}},"2":{"start":{"line":4,"column":0},"end":{"line":4,"column":30}},"3":{"start":{"line":6,"column":0},"end":{"line":6,"column":50}},"4":{"start":{"line":8,"column":0},"end":{"line":8,"column":38}},"5":{"start":{"line":10,"column":0},"end":{"line":10,"column":48}},"6":{"start":{"line":12,"column":0},"end":{"line":12,"column":40}},"7":{"start":{"line":15,"column":0},"end":{"line":15,"column":53}},"8":{"start":{"line":16,"column":0},"end":{"line":16,"column":27}},"9":{"start":{"line":17,"column":0},"end":{"line":17,"column":13}},"10":{"start":{"line":18,"column":0},"end":{"line":18,"column":27}},"11":{"start":{"line":19,"column":0},"end":{"line":19,"column":18}},"12":{"start":{"line":20,"column":0},"end":{"line":20,"column":395}},"13":{"start":{"line":21,"column":0},"end":{"line":21,"column":16}},"14":{"start":{"line":22,"column":0},"end":{"line":22,"column":6}},"15":{"start":{"line":23,"column":0},"end":{"line":23,"column":14}},"16":{"start":{"line":24,"column":0},"end":{"line":24,"column":4}},"17":{"start":{"line":25,"column":0},"end":{"line":25,"column":3}},"18":{"start":{"line":26,"column":0},"end":{"line":26,"column":66}},"19":{"start":{"line":28,"column":0},"end":{"line":28,"column":68}}},"s":{"0":2,"1":1,"2":1,"3":2,"4":2,"5":2,"6":2,"7":2,"8":23,"9":23,"10":23,"11":23,"12":23,"13":23,"14":23,"15":23,"16":23,"17":23,"18":2,"19":1},"branchMap":{"0":{"type":"branch","line":2,"loc":{"start":{"line":2,"column":23},"end":{"line":2,"column":31}},"locations":[{"start":{"line":2,"column":23},"end":{"line":2,"column":31}}]},"1":{"type":"branch","line":15,"loc":{"start":{"line":15,"column":2},"end":{"line":25,"column":3}},"locations":[{"start":{"line":15,"column":2},"end":{"line":25,"column":3}}]}},"b":{"0":[0],"1":[23]},"fnMap":{},"f":{}},"/Users/e/dev/github.com/cloudbring/v1-convex/packages/ui/src/components/upload-input.tsx":{"path":"/Users/e/dev/github.com/cloudbring/v1-convex/packages/ui/src/components/upload-input.tsx","all":false,"statementMap":{"0":{"start":{"line":3,"column":0},"end":{"line":3,"column":8}},"1":{"start":{"line":5,"column":0},"end":{"line":5,"column":17}},"2":{"start":{"line":6,"column":0},"end":{"line":6,"column":36}},"3":{"start":{"line":7,"column":0},"end":{"line":7,"column":57}},"4":{"start":{"line":9,"column":0},"end":{"line":9,"column":29}},"5":{"start":{"line":10,"column":0},"end":{"line":10,"column":20}},"6":{"start":{"line":11,"column":0},"end":{"line":11,"column":19}},"7":{"start":{"line":12,"column":0},"end":{"line":12,"column":10}},"8":{"start":{"line":13,"column":0},"end":{"line":13,"column":4}},"9":{"start":{"line":19,"column":0},"end":{"line":19,"column":4}},"10":{"start":{"line":20,"column":0},"end":{"line":20,"column":54}},"11":{"start":{"line":21,"column":0},"end":{"line":21,"column":61}},"12":{"start":{"line":22,"column":0},"end":{"line":22,"column":43}},"13":{"start":{"line":23,"column":0},"end":{"line":23,"column":33}},"14":{"start":{"line":24,"column":0},"end":{"line":24,"column":40}},"15":{"start":{"line":25,"column":0},"end":{"line":25,"column":7}},"16":{"start":{"line":26,"column":0},"end":{"line":26,"column":33}},"17":{"start":{"line":27,"column":0},"end":{"line":27,"column":6}},"18":{"start":{"line":28,"column":0},"end":{"line":28,"column":5}},"19":{"start":{"line":29,"column":0},"end":{"line":29,"column":10}},"20":{"start":{"line":30,"column":0},"end":{"line":30,"column":10}},"21":{"start":{"line":31,"column":0},"end":{"line":31,"column":24}},"22":{"start":{"line":32,"column":0},"end":{"line":32,"column":17}},"23":{"start":{"line":33,"column":0},"end":{"line":33,"column":34}},"24":{"start":{"line":34,"column":0},"end":{"line":34,"column":34}},"25":{"start":{"line":35,"column":0},"end":{"line":35,"column":17}},"26":{"start":{"line":36,"column":0},"end":{"line":36,"column":9}},"27":{"start":{"line":37,"column":0},"end":{"line":37,"column":53}},"28":{"start":{"line":38,"column":0},"end":{"line":38,"column":33}},"29":{"start":{"line":39,"column":0},"end":{"line":39,"column":17}},"30":{"start":{"line":40,"column":0},"end":{"line":40,"column":9}},"31":{"start":{"line":41,"column":0},"end":{"line":41,"column":27}},"32":{"start":{"line":42,"column":0},"end":{"line":42,"column":8}},"33":{"start":{"line":43,"column":0},"end":{"line":43,"column":16}},"34":{"start":{"line":44,"column":0},"end":{"line":44,"column":6}},"35":{"start":{"line":46,"column":0},"end":{"line":46,"column":1}},"36":{"start":{"line":1,"column":0},"end":{"line":1,"column":13}}},"s":{"0":1,"1":1,"2":1,"3":1,"4":2,"5":20,"6":20,"7":20,"8":20,"9":20,"10":20,"11":20,"12":20,"13":0,"14":0,"15":0,"16":0,"17":0,"18":20,"19":20,"20":20,"21":20,"22":20,"23":20,"24":4,"25":1,"26":1,"27":3,"28":4,"29":1,"30":1,"31":2,"32":4,"33":20,"34":20,"35":20,"36":1},"branchMap":{"0":{"type":"branch","line":9,"loc":{"start":{"line":9,"column":7},"end":{"line":46,"column":1}},"locations":[{"start":{"line":9,"column":7},"end":{"line":46,"column":1}}]},"1":{"type":"branch","line":33,"loc":{"start":{"line":33,"column":16},"end":{"line":42,"column":8}},"locations":[{"start":{"line":33,"column":16},"end":{"line":42,"column":8}}]},"2":{"type":"branch","line":34,"loc":{"start":{"line":34,"column":33},"end":{"line":36,"column":9}},"locations":[{"start":{"line":34,"column":33},"end":{"line":36,"column":9}}]},"3":{"type":"branch","line":36,"loc":{"start":{"line":36,"column":8},"end":{"line":38,"column":32}},"locations":[{"start":{"line":36,"column":8},"end":{"line":38,"column":32}}]},"4":{"type":"branch","line":38,"loc":{"start":{"line":38,"column":32},"end":{"line":40,"column":9}},"locations":[{"start":{"line":38,"column":32},"end":{"line":40,"column":9}}]},"5":{"type":"branch","line":40,"loc":{"start":{"line":40,"column":8},"end":{"line":41,"column":27}},"locations":[{"start":{"line":40,"column":8},"end":{"line":41,"column":27}}]}},"b":{"0":[20],"1":[14],"2":[11],"3":[13],"4":[11],"5":[12]},"fnMap":{"0":{"name":"UploadInput","decl":{"start":{"line":9,"column":7},"end":{"line":46,"column":1}},"loc":{"start":{"line":9,"column":7},"end":{"line":46,"column":1}},"line":9},"1":{"name":"onUploadComplete","decl":{"start":{"line":22,"column":22},"end":{"line":27,"column":6}},"loc":{"start":{"line":22,"column":22},"end":{"line":27,"column":6}},"line":22},"2":{"name":"onChange","decl":{"start":{"line":33,"column":16},"end":{"line":42,"column":8}},"loc":{"start":{"line":33,"column":16},"end":{"line":42,"column":8}},"line":33}},"f":{"0":20,"1":0,"2":4}},"/Users/e/dev/github.com/cloudbring/v1-convex/packages/ui/src/utils/index.ts":{"path":"/Users/e/dev/github.com/cloudbring/v1-convex/packages/ui/src/utils/index.ts","all":false,"statementMap":{"0":{"start":{"line":1,"column":0},"end":{"line":1,"column":45}},"1":{"start":{"line":2,"column":0},"end":{"line":2,"column":41}},"2":{"start":{"line":4,"column":0},"end":{"line":4,"column":35}},"3":{"start":{"line":9,"column":0},"end":{"line":9,"column":48}},"4":{"start":{"line":10,"column":0},"end":{"line":10,"column":54}},"5":{"start":{"line":11,"column":0},"end":{"line":11,"column":3}},"6":{"start":{"line":12,"column":0},"end":{"line":12,"column":63}},"7":{"start":{"line":13,"column":0},"end":{"line":13,"column":1}},"8":{"start":{"line":15,"column":0},"end":{"line":15,"column":45}},"9":{"start":{"line":16,"column":0},"end":{"line":16,"column":31}},"10":{"start":{"line":17,"column":0},"end":{"line":17,"column":1}}},"s":{"0":2,"1":1,"2":1,"3":2,"4":33,"5":33,"6":33,"7":33,"8":2,"9":553,"10":553},"branchMap":{"0":{"type":"branch","line":15,"loc":{"start":{"line":15,"column":7},"end":{"line":17,"column":1}},"locations":[{"start":{"line":15,"column":7},"end":{"line":17,"column":1}}]},"1":{"type":"branch","line":9,"loc":{"start":{"line":9,"column":7},"end":{"line":13,"column":1}},"locations":[{"start":{"line":9,"column":7},"end":{"line":13,"column":1}}]},"2":{"type":"branch","line":12,"loc":{"start":{"line":12,"column":9},"end":{"line":12,"column":63}},"locations":[{"start":{"line":12,"column":9},"end":{"line":12,"column":63}}]},"3":{"type":"branch","line":12,"loc":{"start":{"line":12,"column":40},"end":{"line":12,"column":61}},"locations":[{"start":{"line":12,"column":40},"end":{"line":12,"column":61}}]},"4":{"type":"branch","line":12,"loc":{"start":{"line":12,"column":48},"end":{"line":12,"column":61}},"locations":[{"start":{"line":12,"column":48},"end":{"line":12,"column":61}}]}},"b":{"0":[553],"1":[33],"2":[15],"3":[30],"4":[19]},"fnMap":{"0":{"name":"callAll","decl":{"start":{"line":9,"column":7},"end":{"line":13,"column":1}},"loc":{"start":{"line":9,"column":7},"end":{"line":13,"column":1}},"line":9},"1":{"name":"cn","decl":{"start":{"line":15,"column":7},"end":{"line":17,"column":1}},"loc":{"start":{"line":15,"column":7},"end":{"line":17,"column":1}},"line":15}},"f":{"0":33,"1":553}},"/Users/e/dev/github.com/cloudbring/v1-convex/packages/ui/src/utils/use-double-check.ts":{"path":"/Users/e/dev/github.com/cloudbring/v1-convex/packages/ui/src/utils/use-double-check.ts","all":false,"statementMap":{"0":{"start":{"line":5,"column":0},"end":{"line":5,"column":33}},"1":{"start":{"line":6,"column":0},"end":{"line":6,"column":35}},"2":{"start":{"line":8,"column":0},"end":{"line":8,"column":34}},"3":{"start":{"line":9,"column":0},"end":{"line":9,"column":56}},"4":{"start":{"line":11,"column":0},"end":{"line":11,"column":26}},"5":{"start":{"line":12,"column":0},"end":{"line":12,"column":58}},"6":{"start":{"line":13,"column":0},"end":{"line":13,"column":5}},"7":{"start":{"line":14,"column":0},"end":{"line":14,"column":75}},"8":{"start":{"line":15,"column":0},"end":{"line":15,"column":34}},"9":{"start":{"line":17,"column":0},"end":{"line":17,"column":77}},"10":{"start":{"line":18,"column":0},"end":{"line":18,"column":17}},"11":{"start":{"line":19,"column":0},"end":{"line":19,"column":19}},"12":{"start":{"line":20,"column":0},"end":{"line":20,"column":18}},"13":{"start":{"line":21,"column":0},"end":{"line":21,"column":31}},"14":{"start":{"line":22,"column":0},"end":{"line":22,"column":33}},"15":{"start":{"line":23,"column":0},"end":{"line":23,"column":12}},"16":{"start":{"line":25,"column":0},"end":{"line":25,"column":79}},"17":{"start":{"line":26,"column":0},"end":{"line":26,"column":8}},"18":{"start":{"line":27,"column":0},"end":{"line":27,"column":10}},"19":{"start":{"line":28,"column":0},"end":{"line":28,"column":31}},"20":{"start":{"line":29,"column":0},"end":{"line":29,"column":30}},"21":{"start":{"line":30,"column":0},"end":{"line":30,"column":7}},"22":{"start":{"line":31,"column":0},"end":{"line":31,"column":6}},"23":{"start":{"line":33,"column":0},"end":{"line":33,"column":12}},"24":{"start":{"line":34,"column":0},"end":{"line":34,"column":15}},"25":{"start":{"line":35,"column":0},"end":{"line":35,"column":45}},"26":{"start":{"line":36,"column":0},"end":{"line":36,"column":48}},"27":{"start":{"line":37,"column":0},"end":{"line":37,"column":48}},"28":{"start":{"line":38,"column":0},"end":{"line":38,"column":6}},"29":{"start":{"line":39,"column":0},"end":{"line":39,"column":3}},"30":{"start":{"line":41,"column":0},"end":{"line":41,"column":41}},"31":{"start":{"line":42,"column":0},"end":{"line":42,"column":1}},"32":{"start":{"line":1,"column":0},"end":{"line":1,"column":13}}},"s":{"0":1,"1":1,"2":2,"3":15,"4":15,"5":10,"6":10,"7":10,"8":10,"9":10,"10":10,"11":4,"12":6,"13":6,"14":6,"15":6,"16":10,"17":3,"18":3,"19":3,"20":1,"21":1,"22":3,"23":10,"24":10,"25":10,"26":10,"27":10,"28":10,"29":10,"30":15,"31":15,"32":1},"branchMap":{"0":{"type":"branch","line":8,"loc":{"start":{"line":8,"column":7},"end":{"line":42,"column":1}},"locations":[{"start":{"line":8,"column":7},"end":{"line":42,"column":1}}]},"1":{"type":"branch","line":11,"loc":{"start":{"line":11,"column":2},"end":{"line":39,"column":3}},"locations":[{"start":{"line":11,"column":2},"end":{"line":39,"column":3}}]},"2":{"type":"branch","line":18,"loc":{"start":{"line":18,"column":6},"end":{"line":19,"column":19}},"locations":[{"start":{"line":18,"column":6},"end":{"line":19,"column":19}}]},"3":{"type":"branch","line":19,"loc":{"start":{"line":19,"column":10},"end":{"line":23,"column":12}},"locations":[{"start":{"line":19,"column":10},"end":{"line":23,"column":12}}]},"4":{"type":"branch","line":35,"loc":{"start":{"line":35,"column":30},"end":{"line":35,"column":43}},"locations":[{"start":{"line":35,"column":30},"end":{"line":35,"column":43}}]},"5":{"type":"branch","line":36,"loc":{"start":{"line":36,"column":32},"end":{"line":36,"column":46}},"locations":[{"start":{"line":36,"column":32},"end":{"line":36,"column":46}}]},"6":{"type":"branch","line":37,"loc":{"start":{"line":37,"column":32},"end":{"line":37,"column":46}},"locations":[{"start":{"line":37,"column":32},"end":{"line":37,"column":46}}]},"7":{"type":"branch","line":15,"loc":{"start":{"line":15,"column":6},"end":{"line":15,"column":34}},"locations":[{"start":{"line":15,"column":6},"end":{"line":15,"column":34}}]},"8":{"type":"branch","line":20,"loc":{"start":{"line":20,"column":10},"end":{"line":23,"column":12}},"locations":[{"start":{"line":20,"column":10},"end":{"line":23,"column":12}}]},"9":{"type":"branch","line":25,"loc":{"start":{"line":25,"column":78},"end":{"line":31,"column":6}},"locations":[{"start":{"line":25,"column":78},"end":{"line":31,"column":6}}]},"10":{"type":"branch","line":28,"loc":{"start":{"line":28,"column":30},"end":{"line":30,"column":7}},"locations":[{"start":{"line":28,"column":30},"end":{"line":30,"column":7}}]}},"b":{"0":[15],"1":[10],"2":[4],"3":[6],"4":[1],"5":[1],"6":[1],"7":[2],"8":[6],"9":[3],"10":[1]},"fnMap":{"0":{"name":"useDoubleCheck","decl":{"start":{"line":8,"column":7},"end":{"line":42,"column":1}},"loc":{"start":{"line":8,"column":7},"end":{"line":42,"column":1}},"line":8},"1":{"name":"getButtonProps","decl":{"start":{"line":11,"column":2},"end":{"line":39,"column":3}},"loc":{"start":{"line":11,"column":2},"end":{"line":39,"column":3}},"line":11},"2":{"name":"onBlur","decl":{"start":{"line":15,"column":6},"end":{"line":15,"column":34}},"loc":{"start":{"line":15,"column":6},"end":{"line":15,"column":34}},"line":15},"3":{"name":"onClick","decl":{"start":{"line":20,"column":10},"end":{"line":23,"column":12}},"loc":{"start":{"line":20,"column":10},"end":{"line":23,"column":12}},"line":20},"4":{"name":"onKeyUp","decl":{"start":{"line":25,"column":78},"end":{"line":31,"column":6}},"loc":{"start":{"line":25,"column":78},"end":{"line":31,"column":6}},"line":25}},"f":{"0":15,"1":10,"2":2,"3":6,"4":3}},"/Users/e/dev/github.com/cloudbring/v1-convex/apps/app/features/auth.steps.ts":{"path":"/Users/e/dev/github.com/cloudbring/v1-convex/apps/app/features/auth.steps.ts","all":true,"statementMap":{"0":{"start":{"line":1,"column":0},"end":{"line":1,"column":59}},"1":{"start":{"line":2,"column":0},"end":{"line":2,"column":72}},"2":{"start":{"line":3,"column":0},"end":{"line":3,"column":56}},"3":{"start":{"line":4,"column":0},"end":{"line":4,"column":47}},"4":{"start":{"line":5,"column":0},"end":{"line":5,"column":69}},"6":{"start":{"line":7,"column":0},"end":{"line":7,"column":41}},"7":{"start":{"line":8,"column":0},"end":{"line":8,"column":32}},"9":{"start":{"line":10,"column":0},"end":{"line":10,"column":52}},"11":{"start":{"line":12,"column":0},"end":{"line":12,"column":73}},"12":{"start":{"line":13,"column":0},"end":{"line":13,"column":39}},"13":{"start":{"line":14,"column":0},"end":{"line":14,"column":20}},"25":{"start":{"line":26,"column":0},"end":{"line":26,"column":9}},"27":{"start":{"line":28,"column":0},"end":{"line":28,"column":34}},"28":{"start":{"line":29,"column":0},"end":{"line":29,"column":47}},"30":{"start":{"line":31,"column":0},"end":{"line":31,"column":30}},"31":{"start":{"line":32,"column":0},"end":{"line":32,"column":7}},"33":{"start":{"line":34,"column":0},"end":{"line":34,"column":40}},"34":{"start":{"line":35,"column":0},"end":{"line":35,"column":29}},"35":{"start":{"line":36,"column":0},"end":{"line":36,"column":23}},"36":{"start":{"line":37,"column":0},"end":{"line":37,"column":7}},"37":{"start":{"line":38,"column":0},"end":{"line":38,"column":5}},"39":{"start":{"line":40,"column":0},"end":{"line":40,"column":76}},"40":{"start":{"line":41,"column":0},"end":{"line":41,"column":44}},"42":{"start":{"line":43,"column":0},"end":{"line":43,"column":41}},"43":{"start":{"line":44,"column":0},"end":{"line":44,"column":7}},"45":{"start":{"line":46,"column":0},"end":{"line":46,"column":75}},"46":{"start":{"line":47,"column":0},"end":{"line":47,"column":34}},"49":{"start":{"line":50,"column":0},"end":{"line":50,"column":45}},"50":{"start":{"line":51,"column":0},"end":{"line":51,"column":21}},"51":{"start":{"line":52,"column":0},"end":{"line":52,"column":40}},"54":{"start":{"line":55,"column":0},"end":{"line":55,"column":47}},"55":{"start":{"line":56,"column":0},"end":{"line":56,"column":56}},"56":{"start":{"line":57,"column":0},"end":{"line":57,"column":61}},"57":{"start":{"line":58,"column":0},"end":{"line":58,"column":7}},"58":{"start":{"line":59,"column":0},"end":{"line":59,"column":7}},"60":{"start":{"line":61,"column":0},"end":{"line":61,"column":50}},"62":{"start":{"line":63,"column":0},"end":{"line":63,"column":33}},"63":{"start":{"line":64,"column":0},"end":{"line":64,"column":51}},"64":{"start":{"line":65,"column":0},"end":{"line":65,"column":47}},"65":{"start":{"line":66,"column":0},"end":{"line":66,"column":45}},"66":{"start":{"line":67,"column":0},"end":{"line":67,"column":47}},"67":{"start":{"line":68,"column":0},"end":{"line":68,"column":31}},"68":{"start":{"line":69,"column":0},"end":{"line":69,"column":13}},"69":{"start":{"line":70,"column":0},"end":{"line":70,"column":11}},"70":{"start":{"line":71,"column":0},"end":{"line":71,"column":74}},"71":{"start":{"line":72,"column":0},"end":{"line":72,"column":7}},"72":{"start":{"line":73,"column":0},"end":{"line":73,"column":7}},"74":{"start":{"line":75,"column":0},"end":{"line":75,"column":65}},"76":{"start":{"line":77,"column":0},"end":{"line":77,"column":52}},"77":{"start":{"line":78,"column":0},"end":{"line":78,"column":45}},"78":{"start":{"line":79,"column":0},"end":{"line":79,"column":7}},"80":{"start":{"line":81,"column":0},"end":{"line":81,"column":69}},"81":{"start":{"line":82,"column":0},"end":{"line":82,"column":47}},"82":{"start":{"line":83,"column":0},"end":{"line":83,"column":27}},"83":{"start":{"line":84,"column":0},"end":{"line":84,"column":25}},"84":{"start":{"line":85,"column":0},"end":{"line":85,"column":77}},"85":{"start":{"line":86,"column":0},"end":{"line":86,"column":20}},"86":{"start":{"line":87,"column":0},"end":{"line":87,"column":9}},"88":{"start":{"line":89,"column":0},"end":{"line":89,"column":33}},"89":{"start":{"line":90,"column":0},"end":{"line":90,"column":60}},"90":{"start":{"line":91,"column":0},"end":{"line":91,"column":58}},"91":{"start":{"line":92,"column":0},"end":{"line":92,"column":7}},"93":{"start":{"line":94,"column":0},"end":{"line":94,"column":51}},"96":{"start":{"line":97,"column":0},"end":{"line":97,"column":55}},"97":{"start":{"line":98,"column":0},"end":{"line":98,"column":7}},"98":{"start":{"line":99,"column":0},"end":{"line":99,"column":5}},"100":{"start":{"line":101,"column":0},"end":{"line":101,"column":69}},"101":{"start":{"line":102,"column":0},"end":{"line":102,"column":10}},"102":{"start":{"line":103,"column":0},"end":{"line":103,"column":55}},"103":{"start":{"line":104,"column":0},"end":{"line":104,"column":32}},"104":{"start":{"line":105,"column":0},"end":{"line":105,"column":36}},"105":{"start":{"line":106,"column":0},"end":{"line":106,"column":40}},"106":{"start":{"line":107,"column":0},"end":{"line":107,"column":30}},"107":{"start":{"line":108,"column":0},"end":{"line":108,"column":25}},"108":{"start":{"line":109,"column":0},"end":{"line":109,"column":31}},"109":{"start":{"line":110,"column":0},"end":{"line":110,"column":13}},"110":{"start":{"line":111,"column":0},"end":{"line":111,"column":11}},"111":{"start":{"line":112,"column":0},"end":{"line":112,"column":8}},"112":{"start":{"line":113,"column":0},"end":{"line":113,"column":6}},"114":{"start":{"line":115,"column":0},"end":{"line":115,"column":43}},"115":{"start":{"line":116,"column":0},"end":{"line":116,"column":40}},"116":{"start":{"line":117,"column":0},"end":{"line":117,"column":7}},"118":{"start":{"line":119,"column":0},"end":{"line":119,"column":58}},"119":{"start":{"line":120,"column":0},"end":{"line":120,"column":64}},"120":{"start":{"line":121,"column":0},"end":{"line":121,"column":7}},"122":{"start":{"line":123,"column":0},"end":{"line":123,"column":63}},"123":{"start":{"line":124,"column":0},"end":{"line":124,"column":67}},"124":{"start":{"line":125,"column":0},"end":{"line":125,"column":7}},"126":{"start":{"line":127,"column":0},"end":{"line":127,"column":49}},"128":{"start":{"line":129,"column":0},"end":{"line":129,"column":47}},"129":{"start":{"line":130,"column":0},"end":{"line":130,"column":27}},"130":{"start":{"line":131,"column":0},"end":{"line":131,"column":25}},"131":{"start":{"line":132,"column":0},"end":{"line":132,"column":77}},"132":{"start":{"line":133,"column":0},"end":{"line":133,"column":20}},"133":{"start":{"line":134,"column":0},"end":{"line":134,"column":9}},"135":{"start":{"line":136,"column":0},"end":{"line":136,"column":17}},"136":{"start":{"line":137,"column":0},"end":{"line":137,"column":39}},"137":{"start":{"line":138,"column":0},"end":{"line":138,"column":7}},"138":{"start":{"line":139,"column":0},"end":{"line":139,"column":7}},"140":{"start":{"line":141,"column":0},"end":{"line":141,"column":59}},"141":{"start":{"line":142,"column":0},"end":{"line":142,"column":52}},"142":{"start":{"line":143,"column":0},"end":{"line":143,"column":44}},"143":{"start":{"line":144,"column":0},"end":{"line":144,"column":7}},"145":{"start":{"line":146,"column":0},"end":{"line":146,"column":44}},"146":{"start":{"line":147,"column":0},"end":{"line":147,"column":56}},"147":{"start":{"line":148,"column":0},"end":{"line":148,"column":52}},"148":{"start":{"line":149,"column":0},"end":{"line":149,"column":7}},"150":{"start":{"line":151,"column":0},"end":{"line":151,"column":46}},"151":{"start":{"line":152,"column":0},"end":{"line":152,"column":52}},"152":{"start":{"line":153,"column":0},"end":{"line":153,"column":7}},"153":{"start":{"line":154,"column":0},"end":{"line":154,"column":5}},"155":{"start":{"line":156,"column":0},"end":{"line":156,"column":11}},"156":{"start":{"line":157,"column":0},"end":{"line":157,"column":44}},"157":{"start":{"line":158,"column":0},"end":{"line":158,"column":37}},"158":{"start":{"line":159,"column":0},"end":{"line":159,"column":45}},"159":{"start":{"line":160,"column":0},"end":{"line":160,"column":42}},"160":{"start":{"line":161,"column":0},"end":{"line":161,"column":9}},"162":{"start":{"line":163,"column":0},"end":{"line":163,"column":57}},"163":{"start":{"line":164,"column":0},"end":{"line":164,"column":66}},"164":{"start":{"line":165,"column":0},"end":{"line":165,"column":9}},"166":{"start":{"line":167,"column":0},"end":{"line":167,"column":62}},"167":{"start":{"line":168,"column":0},"end":{"line":168,"column":69}},"168":{"start":{"line":169,"column":0},"end":{"line":169,"column":9}},"170":{"start":{"line":171,"column":0},"end":{"line":171,"column":51}},"172":{"start":{"line":173,"column":0},"end":{"line":173,"column":49}},"173":{"start":{"line":174,"column":0},"end":{"line":174,"column":29}},"174":{"start":{"line":175,"column":0},"end":{"line":175,"column":27}},"175":{"start":{"line":176,"column":0},"end":{"line":176,"column":79}},"176":{"start":{"line":177,"column":0},"end":{"line":177,"column":22}},"177":{"start":{"line":178,"column":0},"end":{"line":178,"column":11}},"179":{"start":{"line":180,"column":0},"end":{"line":180,"column":20}},"180":{"start":{"line":181,"column":0},"end":{"line":181,"column":59}},"181":{"start":{"line":182,"column":0},"end":{"line":182,"column":16}},"182":{"start":{"line":183,"column":0},"end":{"line":183,"column":41}},"183":{"start":{"line":184,"column":0},"end":{"line":184,"column":9}},"184":{"start":{"line":185,"column":0},"end":{"line":185,"column":9}},"186":{"start":{"line":187,"column":0},"end":{"line":187,"column":51}},"187":{"start":{"line":188,"column":0},"end":{"line":188,"column":69}},"188":{"start":{"line":189,"column":0},"end":{"line":189,"column":9}},"190":{"start":{"line":191,"column":0},"end":{"line":191,"column":54}},"191":{"start":{"line":192,"column":0},"end":{"line":192,"column":54}},"192":{"start":{"line":193,"column":0},"end":{"line":193,"column":9}},"194":{"start":{"line":195,"column":0},"end":{"line":195,"column":53}},"195":{"start":{"line":196,"column":0},"end":{"line":196,"column":56}},"196":{"start":{"line":197,"column":0},"end":{"line":197,"column":9}},"197":{"start":{"line":198,"column":0},"end":{"line":198,"column":6}},"198":{"start":{"line":199,"column":0},"end":{"line":199,"column":4}},"200":{"start":{"line":201,"column":0},"end":{"line":201,"column":66}},"201":{"start":{"line":202,"column":0},"end":{"line":202,"column":44}},"202":{"start":{"line":203,"column":0},"end":{"line":203,"column":41}},"203":{"start":{"line":204,"column":0},"end":{"line":204,"column":7}},"205":{"start":{"line":206,"column":0},"end":{"line":206,"column":55}},"206":{"start":{"line":207,"column":0},"end":{"line":207,"column":64}},"207":{"start":{"line":208,"column":0},"end":{"line":208,"column":7}},"209":{"start":{"line":210,"column":0},"end":{"line":210,"column":57}},"211":{"start":{"line":212,"column":0},"end":{"line":212,"column":54}},"212":{"start":{"line":213,"column":0},"end":{"line":213,"column":54}},"214":{"start":{"line":215,"column":0},"end":{"line":215,"column":19}},"215":{"start":{"line":216,"column":0},"end":{"line":216,"column":67}},"216":{"start":{"line":217,"column":0},"end":{"line":217,"column":43}},"217":{"start":{"line":218,"column":0},"end":{"line":218,"column":64}},"218":{"start":{"line":219,"column":0},"end":{"line":219,"column":14}},"219":{"start":{"line":220,"column":0},"end":{"line":220,"column":61}},"220":{"start":{"line":221,"column":0},"end":{"line":221,"column":7}},"221":{"start":{"line":222,"column":0},"end":{"line":222,"column":7}},"223":{"start":{"line":224,"column":0},"end":{"line":224,"column":65}},"224":{"start":{"line":225,"column":0},"end":{"line":225,"column":73}},"225":{"start":{"line":226,"column":0},"end":{"line":226,"column":7}},"226":{"start":{"line":227,"column":0},"end":{"line":227,"column":5}},"228":{"start":{"line":229,
[...]
tart":{"line":23,"column":0},"end":{"line":23,"column":6}},"24":{"start":{"line":25,"column":0},"end":{"line":25,"column":34}},"26":{"start":{"line":27,"column":0},"end":{"line":27,"column":16}},"27":{"start":{"line":28,"column":0},"end":{"line":28,"column":4}},"28":{"start":{"line":29,"column":0},"end":{"line":29,"column":3}}},"s":{"0":1,"4":1,"5":1,"6":1,"7":1,"8":1,"9":1,"10":3,"11":3,"12":3,"13":3,"14":3,"15":3,"16":3,"17":3,"18":3,"19":3,"20":3,"21":3,"22":3,"24":2,"26":2,"27":3,"28":1},"branchMap":{"0":{"type":"branch","line":10,"loc":{"start":{"line":10,"column":11},"end":{"line":28,"column":4}},"locations":[{"start":{"line":10,"column":11},"end":{"line":28,"column":4}}]},"1":{"type":"branch","line":23,"loc":{"start":{"line":23,"column":4},"end":{"line":27,"column":16}},"locations":[{"start":{"line":23,"column":4},"end":{"line":27,"column":16}}]}},"b":{"0":[3],"1":[2]},"fnMap":{"0":{"name":"handler","decl":{"start":{"line":10,"column":11},"end":{"line":28,"column":4}},"loc":{"start":{"line":10,"column":11},"end":{"line":28,"column":4}},"line":10}},"f":{"0":3}},"/Users/e/dev/github.com/cloudbring/v1-convex/packages/backend/convex/email/index.ts":{"path":"/Users/e/dev/github.com/cloudbring/v1-convex/packages/backend/convex/email/index.ts","all":false,"statementMap":{"0":{"start":{"line":1,"column":0},"end":{"line":1,"column":24}},"3":{"start":{"line":4,"column":0},"end":{"line":4,"column":38}},"4":{"start":{"line":5,"column":0},"end":{"line":5,"column":17}},"5":{"start":{"line":6,"column":0},"end":{"line":6,"column":3}},"6":{"start":{"line":7,"column":0},"end":{"line":7,"column":35}},"7":{"start":{"line":8,"column":0},"end":{"line":8,"column":12}},"8":{"start":{"line":9,"column":0},"end":{"line":9,"column":21}},"9":{"start":{"line":10,"column":0},"end":{"line":10,"column":24}},"10":{"start":{"line":11,"column":0},"end":{"line":11,"column":27}},"11":{"start":{"line":12,"column":0},"end":{"line":12,"column":5}},"12":{"start":{"line":13,"column":0},"end":{"line":13,"column":12}},"13":{"start":{"line":14,"column":0},"end":{"line":14,"column":36}},"14":{"start":{"line":15,"column":0},"end":{"line":15,"column":40}},"15":{"start":{"line":16,"column":0},"end":{"line":16,"column":31}},"16":{"start":{"line":17,"column":0},"end":{"line":17,"column":19}},"17":{"start":{"line":18,"column":0},"end":{"line":18,"column":5}},"18":{"start":{"line":19,"column":0},"end":{"line":19,"column":3}},"27":{"start":{"line":28,"column":0},"end":{"line":28,"column":60}},"28":{"start":{"line":29,"column":0},"end":{"line":29,"column":14}},"29":{"start":{"line":30,"column":0},"end":{"line":30,"column":74}},"30":{"start":{"line":31,"column":0},"end":{"line":31,"column":37}},"32":{"start":{"line":33,"column":0},"end":{"line":33,"column":65}},"33":{"start":{"line":34,"column":0},"end":{"line":34,"column":19}},"34":{"start":{"line":35,"column":0},"end":{"line":35,"column":14}},"35":{"start":{"line":36,"column":0},"end":{"line":36,"column":52}},"36":{"start":{"line":37,"column":0},"end":{"line":37,"column":41}},"37":{"start":{"line":38,"column":0},"end":{"line":38,"column":6}},"38":{"start":{"line":39,"column":0},"end":{"line":39,"column":32}},"39":{"start":{"line":40,"column":0},"end":{"line":40,"column":5}},"41":{"start":{"line":42,"column":0},"end":{"line":42,"column":37}},"42":{"start":{"line":43,"column":0},"end":{"line":43,"column":57}},"44":{"start":{"line":45,"column":0},"end":{"line":45,"column":42}},"45":{"start":{"line":46,"column":0},"end":{"line":46,"column":60}},"46":{"start":{"line":47,"column":0},"end":{"line":47,"column":3}},"47":{"start":{"line":48,"column":0},"end":{"line":48,"column":62}},"48":{"start":{"line":49,"column":0},"end":{"line":49,"column":34}},"49":{"start":{"line":50,"column":0},"end":{"line":50,"column":42}},"50":{"start":{"line":51,"column":0},"end":{"line":51,"column":78}},"51":{"start":{"line":52,"column":0},"end":{"line":52,"column":3}},"52":{"start":{"line":53,"column":0},"end":{"line":53,"column":22}},"53":{"start":{"line":54,"column":0},"end":{"line":54,"column":41}},"54":{"start":{"line":55,"column":0},"end":{"line":55,"column":1}}},"s":{"0":1,"3":1,"4":1,"5":1,"6":1,"7":1,"8":1,"9":1,"10":1,"11":1,"12":1,"13":1,"14":1,"15":1,"16":1,"17":1,"18":1,"27":10,"28":10,"29":10,"30":10,"32":10,"33":10,"34":10,"35":10,"36":10,"37":10,"38":10,"39":10,"41":9,"42":9,"44":10,"45":5,"46":5,"47":4,"48":10,"49":2,"50":2,"51":2,"52":2,"53":2,"54":2},"branchMap":{"0":{"type":"branch","line":28,"loc":{"start":{"line":28,"column":0},"end":{"line":55,"column":1}},"locations":[{"start":{"line":28,"column":0},"end":{"line":55,"column":1}}]},"1":{"type":"branch","line":30,"loc":{"start":{"line":30,"column":8},"end":{"line":30,"column":74}},"locations":[{"start":{"line":30,"column":8},"end":{"line":30,"column":74}}]},"2":{"type":"branch","line":40,"loc":{"start":{"line":40,"column":3},"end":{"line":45,"column":21}},"locations":[{"start":{"line":40,"column":3},"end":{"line":45,"column":21}}]},"3":{"type":"branch","line":45,"loc":{"start":{"line":45,"column":15},"end":{"line":45,"column":41}},"locations":[{"start":{"line":45,"column":15},"end":{"line":45,"column":41}}]},"4":{"type":"branch","line":45,"loc":{"start":{"line":45,"column":41},"end":{"line":47,"column":3}},"locations":[{"start":{"line":45,"column":41},"end":{"line":47,"column":3}}]},"5":{"type":"branch","line":47,"loc":{"start":{"line":47,"column":2},"end":{"line":49,"column":33}},"locations":[{"start":{"line":47,"column":2},"end":{"line":49,"column":33}}]},"6":{"type":"branch","line":49,"loc":{"start":{"line":49,"column":33},"end":{"line":55,"column":1}},"locations":[{"start":{"line":49,"column":33},"end":{"line":55,"column":1}}]}},"b":{"0":[10],"1":[1],"2":[9],"3":[6],"4":[5],"5":[4],"6":[2]},"fnMap":{"0":{"name":"sendEmail","decl":{"start":{"line":28,"column":0},"end":{"line":55,"column":1}},"loc":{"start":{"line":28,"column":0},"end":{"line":55,"column":1}},"line":28}},"f":{"0":10}},"/Users/e/dev/github.com/cloudbring/v1-convex/packages/backend/convex/email/templates/subscriptionEmail.tsx":{"path":"/Users/e/dev/github.com/cloudbring/v1-convex/packages/backend/convex/email/templates/subscriptionEmail.tsx","all":true,"statementMap":{"0":{"start":{"line":1,"column":0},"end":{"line":1,"column":8}},"24":{"start":{"line":25,"column":0},"end":{"line":25,"column":79}},"25":{"start":{"line":26,"column":0},"end":{"line":26,"column":10}},"26":{"start":{"line":27,"column":0},"end":{"line":27,"column":10}},"27":{"start":{"line":28,"column":0},"end":{"line":28,"column":14}},"28":{"start":{"line":29,"column":0},"end":{"line":29,"column":55}},"29":{"start":{"line":30,"column":0},"end":{"line":30,"column":11}},"30":{"start":{"line":31,"column":0},"end":{"line":31,"column":16}},"31":{"start":{"line":32,"column":0},"end":{"line":32,"column":37}},"32":{"start":{"line":33,"column":0},"end":{"line":33,"column":21}},"33":{"start":{"line":34,"column":0},"end":{"line":34,"column":122}},"34":{"start":{"line":35,"column":0},"end":{"line":35,"column":10}},"36":{"start":{"line":37,"column":0},"end":{"line":37,"column":72}},"37":{"start":{"line":38,"column":0},"end":{"line":38,"column":14}},"38":{"start":{"line":39,"column":0},"end":{"line":39,"column":64}},"39":{"start":{"line":40,"column":0},"end":{"line":40,"column":22}},"40":{"start":{"line":41,"column":0},"end":{"line":41,"column":23}},"41":{"start":{"line":42,"column":0},"end":{"line":42,"column":18}},"42":{"start":{"line":43,"column":0},"end":{"line":43,"column":12}},"43":{"start":{"line":44,"column":0},"end":{"line":44,"column":65}},"44":{"start":{"line":45,"column":0},"end":{"line":45,"column":26}},"45":{"start":{"line":46,"column":0},"end":{"line":46,"column":17}},"46":{"start":{"line":47,"column":0},"end":{"line":47,"column":65}},"48":{"start":{"line":49,"column":0},"end":{"line":49,"column":18}},"50":{"start":{"line":51,"column":0},"end":{"line":51,"column":17}},"51":{"start":{"line":52,"column":0},"end":{"line":52,"column":65}},"52":{"start":{"line":53,"column":0},"end":{"line":53,"column":75}},"53":{"start":{"line":54,"column":0},"end":{"line":54,"column":17}},"54":{"start":{"line":55,"column":0},"end":{"line":55,"column":69}},"55":{"start":{"line":56,"column":0},"end":{"line":56,"column":63}},"57":{"start":{"line":58,"column":0},"end":{"line":58,"column":17}},"58":{"start":{"line":59,"column":0},"end":{"line":59,"column":20}},"59":{"start":{"line":60,"column":0},"end":{"line":60,"column":13}},"60":{"start":{"line":61,"column":0},"end":{"line":61,"column":11}},"62":{"start":{"line":63,"column":0},"end":{"line":63,"column":1}},"64":{"start":{"line":65,"column":0},"end":{"line":65,"column":77}},"65":{"start":{"line":66,"column":0},"end":{"line":66,"column":10}},"66":{"start":{"line":67,"column":0},"end":{"line":67,"column":10}},"67":{"start":{"line":68,"column":0},"end":{"line":68,"column":14}},"68":{"start":{"line":69,"column":0},"end":{"line":69,"column":62}},"69":{"start":{"line":70,"column":0},"end":{"line":70,"column":11}},"70":{"start":{"line":71,"column":0},"end":{"line":71,"column":16}},"71":{"start":{"line":72,"column":0},"end":{"line":72,"column":37}},"72":{"start":{"line":73,"column":0},"end":{"line":73,"column":21}},"73":{"start":{"line":74,"column":0},"end":{"line":74,"column":122}},"74":{"start":{"line":75,"column":0},"end":{"line":75,"column":10}},"76":{"start":{"line":77,"column":0},"end":{"line":77,"column":72}},"77":{"start":{"line":78,"column":0},"end":{"line":78,"column":14}},"78":{"start":{"line":79,"column":0},"end":{"line":79,"column":93}},"79":{"start":{"line":80,"column":0},"end":{"line":80,"column":22}},"80":{"start":{"line":81,"column":0},"end":{"line":81,"column":23}},"81":{"start":{"line":82,"column":0},"end":{"line":82,"column":18}},"82":{"start":{"line":83,"column":0},"end":{"line":83,"column":12}},"83":{"start":{"line":84,"column":0},"end":{"line":84,"column":65}},"84":{"start":{"line":85,"column":0},"end":{"line":85,"column":26}},"85":{"start":{"line":86,"column":0},"end":{"line":86,"column":17}},"86":{"start":{"line":87,"column":0},"end":{"line":87,"column":65}},"88":{"start":{"line":89,"column":0},"end":{"line":89,"column":18}},"90":{"start":{"line":91,"column":0},"end":{"line":91,"column":17}},"91":{"start":{"line":92,"column":0},"end":{"line":92,"column":65}},"92":{"start":{"line":93,"column":0},"end":{"line":93,"column":75}},"93":{"start":{"line":94,"column":0},"end":{"line":94,"column":17}},"94":{"start":{"line":95,"column":0},"end":{"line":95,"column":69}},"95":{"start":{"line":96,"column":0},"end":{"line":96,"column":63}},"97":{"start":{"line":98,"column":0},"end":{"line":98,"column":17}},"98":{"start":{"line":99,"column":0},"end":{"line":99,"column":20}},"99":{"start":{"line":100,"column":0},"end":{"line":100,"column":13}},"100":{"start":{"line":101,"column":0},"end":{"line":101,"column":11}},"102":{"start":{"line":103,"column":0},"end":{"line":103,"column":1}},"107":{"start":{"line":108,"column":0},"end":{"line":108,"column":80}},"108":{"start":{"line":109,"column":0},"end":{"line":109,"column":56}},"109":{"start":{"line":110,"column":0},"end":{"line":110,"column":1}},"111":{"start":{"line":112,"column":0},"end":{"line":112,"column":78}},"112":{"start":{"line":113,"column":0},"end":{"line":113,"column":54}},"113":{"start":{"line":114,"column":0},"end":{"line":114,"column":1}},"118":{"start":{"line":119,"column":0},"end":{"line":119,"column":52}},"119":{"start":{"line":120,"column":0},"end":{"line":120,"column":8}},"120":{"start":{"line":121,"column":0},"end":{"line":121,"column":17}},"121":{"start":{"line":122,"column":0},"end":{"line":122,"column":30}},"122":{"start":{"line":123,"column":0},"end":{"line":123,"column":79}},"124":{"start":{"line":125,"column":0},"end":{"line":125,"column":19}},"125":{"start":{"line":126,"column":0},"end":{"line":126,"column":14}},"126":{"start":{"line":127,"column":0},"end":{"line":127,"column":46}},"127":{"start":{"line":128,"column":0},"end":{"line":128,"column":9}},"128":{"start":{"line":129,"column":0},"end":{"line":129,"column":5}},"129":{"start":{"line":130,"column":0},"end":{"line":130,"column":1}},"131":{"start":{"line":132,"column":0},"end":{"line":132,"column":50}},"132":{"start":{"line":133,"column":0},"end":{"line":133,"column":8}},"133":{"start":{"line":134,"column":0},"end":{"line":134,"column":17}},"134":{"start":{"line":135,"column":0},"end":{"line":135,"column":30}},"135":{"start":{"line":136,"column":0},"end":{"line":136,"column":77}},"137":{"start":{"line":138,"column":0},"end":{"line":138,"column":19}},"138":{"start":{"line":139,"column":0},"end":{"line":139,"column":14}},"139":{"start":{"line":140,"column":0},"end":{"line":140,"column":53}},"140":{"start":{"line":141,"column":0},"end":{"line":141,"column":9}},"141":{"start":{"line":142,"column":0},"end":{"line":142,"column":5}},"142":{"start":{"line":143,"column":0},"end":{"line":143,"column":1}}},"s":{"0":0,"24":0,"25":0,"26":0,"27":0,"28":0,"29":0,"30":0,"31":0,"32":0,"33":0,"34":0,"36":0,"37":0,"38":0,"39":0,"40":0,"41":0,"42":0,"43":0,"44":0,"45":0,"46":0,"48":0,"50":0,"51":0,"52":0,"53":0,"54":0,"55":0,"57":0,"58":0,"59":0,"60":0,"62":0,"64":0,"65":0,"66":0,"67":0,"68":0,"69":0,"70":0,"71":0,"72":0,"73":0,"74":0,"76":0,"77":0,"78":0,"79":0,"80":0,"81":0,"82":0,"83":0,"84":0,"85":0,"86":0,"88":0,"90":0,"91":0,"92":0,"93":0,"94":0,"95":0,"97":0,"98":0,"99":0,"100":0,"102":0,"107":0,"108":0,"109":0,"111":0,"112":0,"113":0,"118":0,"119":0,"120":0,"121":0,"122":0,"124":0,"125":0,"126":0,"127":0,"128":0,"129":0,"131":0,"132":0,"133":0,"134":0,"135":0,"137":0,"138":0,"139":0,"140":0,"141":0,"142":0},"branchMap":{"0":{"type":"branch","line":1,"loc":{"start":{"line":1,"column":0},"end":{"line":143,"column":-2722}},"locations":[{"start":{"line":1,"column":0},"end":{"line":143,"column":-2722}}]}},"b":{"0":[0]},"fnMap":{"0":{"name":"(empty-report)","decl":{"start":{"line":1,"column":0},"end":{"line":143,"column":-2722}},"loc":{"start":{"line":1,"column":0},"end":{"line":143,"column":-2722}},"line":1}},"f":{"0":0}},"/Users/e/dev/github.com/cloudbring/v1-convex/packages/backend/convex/utils/validators.ts":{"path":"/Users/e/dev/github.com/cloudbring/v1-convex/packages/backend/convex/utils/validators.ts","all":false,"statementMap":{"0":{"start":{"line":1,"column":0},"end":{"line":1,"column":24}},"2":{"start":{"line":3,"column":0},"end":{"line":3,"column":25}},"3":{"start":{"line":4,"column":0},"end":{"line":4,"column":11}},"4":{"start":{"line":5,"column":0},"end":{"line":5,"column":9}},"5":{"start":{"line":6,"column":0},"end":{"line":6,"column":10}},"6":{"start":{"line":7,"column":0},"end":{"line":7,"column":16}},"7":{"start":{"line":8,"column":0},"end":{"line":8,"column":9}},"8":{"start":{"line":9,"column":0},"end":{"line":9,"column":9}},"9":{"start":{"line":10,"column":0},"end":{"line":10,"column":21}},"10":{"start":{"line":11,"column":0},"end":{"line":11,"column":57}},"11":{"start":{"line":12,"column":0},"end":{"line":12,"column":4}}},"s":{"0":1,"2":1,"3":1,"4":1,"5":1,"6":1,"7":1,"8":1,"9":1,"10":1,"11":1},"branchMap":{},"b":{},"fnMap":{},"f":{}},"/Users/e/dev/github.com/cloudbring/v1-convex/packages/email/components/logo.tsx":{"path":"/Users/e/dev/github.com/cloudbring/v1-convex/packages/email/components/logo.tsx","all":true,"statementMap":{"0":{"start":{"line":1,"column":0},"end":{"line":1,"column":46}},"2":{"start":{"line":3,"column":0},"end":{"line":3,"column":56}},"3":{"start":{"line":4,"column":0},"end":{"line":4,"column":10}},"4":{"start":{"line":5,"column":0},"end":{"line":5,"column":8}},"5":{"start":{"line":6,"column":0},"end":{"line":6,"column":33}},"6":{"start":{"line":7,"column":0},"end":{"line":7,"column":16}},"7":{"start":{"line":8,"column":0},"end":{"line":8,"column":42}},"8":{"start":{"line":9,"column":0},"end":{"line":9,"column":16}},"9":{"start":{"line":10,"column":0},"end":{"line":10,"column":17}},"10":{"start":{"line":11,"column":0},"end":{"line":11,"column":6}},"12":{"start":{"line":13,"column":0},"end":{"line":13,"column":1}}},"s":{"0":0,"2":0,"3":0,"4":0,"5":0,"6":0,"7":0,"8":0,"9":0,"10":0,"12":0},"branchMap":{"0":{"type":"branch","line":1,"loc":{"start":{"line":1,"column":0},"end":{"line":13,"column":-153}},"locations":[{"start":{"line":1,"column":0},"end":{"line":13,"column":-153}}]}},"b":{"0":[0]},"fnMap":{"0":{"name":"(empty-report)","decl":{"start":{"line":1,"column":0},"end":{"line":13,"column":-153}},"loc":{"start":{"line":1,"column":0},"end":{"line":13,"column":-153}},"line":1}},"f":{"0":0}},"/Users/e/dev/github.com/cloudbring/v1-convex/packages/email/emails/welcome.tsx":{"path":"/Users/e/dev/github.com/cloudbring/v1-convex/packages/email/emails/welcome.tsx","all":true,"statementMap":{"0":{"start":{"line":1,"column":0},"end":{"line":1,"column":8}},"14":{"start":{"line":15,"column":0},"end":{"line":15,"column":38}},"15":{"start":{"line":16,"column":0},"end":{"line":16,"column":39}},"16":{"start":{"line":17,"column":0},"end":{"line":17,"column":28}},"18":{"start":{"line":19,"column":0},"end":{"line":19,"column":40}},"19":{"start":{"line":20,"column":0},"end":{"line":20,"column":10}},"20":{"start":{"line":21,"column":0},"end":{"line":21,"column":10}},"21":{"start":{"line":22,"column":0},"end":{"line":22,"column":32}},"22":{"start":{"line":23,"column":0},"end":{"line":23,"column":16}},"23":{"start":{"line":24,"column":0},"end":{"line":24,"column":52}},"24":{"start":{"line":25,"column":0},"end":{"line":25,"column":84}},"25":{"start":{"line":26,"column":0},"end":{"line":26,"column":71}},"26":{"start":{"line":27,"column":0},"end":{"line":27,"column":76}},"28":{"start":{"line":29,"column":0},"end":{"line":29,"column":22}},"29":{"start":{"line":30,"column":0},"end":{"line":30,"column":38}},"31":{"start":{"line":32,"column":0},"end":{"line":32,"column":22}},"32":{"start":{"line":33,"column":0},"end":{"line":33,"column":38}},"39":{"start":{"line":40,"column":0},"end":{"line":40,"column":22}},"40":{"start":{"line":41,"column":0},"end":{"line":41,"column":38}},"45":{"start":{"line":46,"column":0},"end":{"line":46,"column":22}},"46":{"start":{"line":47,"column":0},"end":{"line":47,"column":38}},"51":{"start":{"line":52,"column":0},"end":{"line":52,"column":22}},"52":{"start":{"line":53,"column":0},"end":{"line":53,"column":38}},"53":{"start":{"line":54,"column":0},"end":{"line":54,"column":35}},"54":{"start":{"line":55,"column":0},"end":{"line":55,"column":72}},"56":{"start":{"line":57,"column":0},"end":{"line":57,"column":25}},"57":{"start":{"line":58,"column":0},"end":{"line":58,"column":21}},"58":{"start":{"line":59,"column":0},"end":{"line":59,"column":22}},"59":{"start":{"line":60,"column":0},"end":{"line":60,"column":18}},"60":{"start":{"line":61,"column":0},"end":{"line":61,"column":22}},"61":{"start":{"line":62,"column":0},"end":{"line":62,"column":15}},"62":{"start":{"line":63,"column":0},"end":{"line":63,"column":17}},"63":{"start":{"line":64,"column":0},"end":{"line":64,"column":11}},"65":{"start":{"line":66,"column":0},"end":{"line":66,"column":1}}},"s":{"0":0,"14":0,"15":0,"16":0,"18":0,"19":0,"20":0,"21":0,"22":0,"23":0,"24":0,"25":0,"26":0,"28":0,"29":0,"31":0,"32":0,"39":0,"40":0,"45":0,"46":0,"51":0,"52":0,"53":0,"54":0,"56":0,"57":0,"58":0,"59":0,"60":0,"61":0,"62":0,"63":0,"65":0},"branchMap":{"0":{"type":"branch","line":1,"loc":{"start":{"line":1,"column":0},"end":{"line":66,"column":-1567}},"locations":[{"start":{"line":1,"column":0},"end":{"line":66,"column":-1567}}]}},"b":{"0":[0]},"fnMap":{"0":{"name":"(empty-report)","decl":{"start":{"line":1,"column":0},"end":{"line":66,"column":-1567}},"loc":{"start":{"line":1,"column":0},"end":{"line":66,"column":-1567}},"line":1}},"f":{"0":0}},"/Users/e/dev/github.com/cloudbring/v1-convex/packages/logger/src/index.ts":{"path":"/Users/e/dev/github.com/cloudbring/v1-convex/packages/logger/src/index.ts","all":false,"statementMap":{"0":{"start":{"line":1,"column":0},"end":{"line":1,"column":24}},"2":{"start":{"line":3,"column":0},"end":{"line":3,"column":29}}},"s":{"0":1,"2":1},"branchMap":{},"b":{},"fnMap":{},"f":{}}}